{"/home/travis/build/npmtest/node-npmtest-wordpress/test.js":{"path":"/home/travis/build/npmtest/node-npmtest-wordpress/test.js","s":{"1":2,"2":2,"3":2,"4":2,"5":2,"6":2,"7":2,"8":1,"9":2,"10":2,"11":1,"12":1,"13":1,"14":1,"15":2,"16":2,"17":2,"18":2,"19":1,"20":1,"21":2,"22":2,"23":2,"24":1,"25":1,"26":1,"27":1,"28":1,"29":1,"30":1,"31":1,"32":1,"33":1,"34":1,"35":1,"36":1,"37":1,"38":1,"39":2,"40":2,"41":1,"42":2,"43":2,"44":1,"45":2,"46":2,"47":1,"48":2,"49":2,"50":1,"51":1,"52":1,"53":1,"54":1},"b":{"1":[2,1,1,1],"2":[1,1,1,1],"3":[1,1],"4":[1,1],"5":[1,1],"6":[1,1],"7":[1,1],"8":[1,1],"9":[1,1],"10":[1,1,1],"11":[1,1],"12":[1,1],"13":[1,1],"14":[1,1],"15":[1,1],"16":[1,1],"17":[1,1]},"f":{"1":2,"2":2,"3":2,"4":2,"5":2,"6":1,"7":1,"8":1,"9":2,"10":2,"11":2,"12":2,"13":1},"fnMap":{"1":{"name":"(anonymous_1)","line":12,"loc":{"start":{"line":12,"column":1},"end":{"line":12,"column":13}}},"2":{"name":"(anonymous_2)","line":19,"loc":{"start":{"line":19,"column":5},"end":{"line":19,"column":17}}},"3":{"name":"(anonymous_3)","line":23,"loc":{"start":{"line":23,"column":24},"end":{"line":23,"column":36}}},"4":{"name":"(anonymous_4)","line":61,"loc":{"start":{"line":61,"column":5},"end":{"line":61,"column":17}}},"5":{"name":"(anonymous_5)","line":82,"loc":{"start":{"line":82,"column":5},"end":{"line":82,"column":17}}},"6":{"name":"(anonymous_6)","line":91,"loc":{"start":{"line":91,"column":77},"end":{"line":94,"column":10}}},"7":{"name":"(anonymous_7)","line":112,"loc":{"start":{"line":112,"column":83},"end":{"line":115,"column":10}},"skip":true},"8":{"name":"(anonymous_8)","line":123,"loc":{"start":{"line":123,"column":77},"end":{"line":126,"column":10}},"skip":true},"9":{"name":"(anonymous_9)","line":139,"loc":{"start":{"line":139,"column":12},"end":{"line":139,"column":40}},"skip":true},"10":{"name":"(anonymous_10)","line":147,"loc":{"start":{"line":147,"column":77},"end":{"line":150,"column":10}},"skip":true},"11":{"name":"(anonymous_11)","line":158,"loc":{"start":{"line":158,"column":83},"end":{"line":161,"column":10}},"skip":true},"12":{"name":"(anonymous_12)","line":169,"loc":{"start":{"line":169,"column":79},"end":{"line":172,"column":10}},"skip":true},"13":{"name":"(anonymous_13)","line":180,"loc":{"start":{"line":180,"column":75},"end":{"line":183,"column":10}},"skip":true}},"statementMap":{"1":{"start":{"line":12,"column":0},"end":{"line":195,"column":5}},"2":{"start":{"line":14,"column":4},"end":{"line":14,"column":14}},"3":{"start":{"line":19,"column":4},"end":{"line":56,"column":9}},"4":{"start":{"line":21,"column":8},"end":{"line":21,"column":19}},"5":{"start":{"line":23,"column":8},"end":{"line":35,"column":13}},"6":{"start":{"line":24,"column":12},"end":{"line":34,"column":13}},"7":{"start":{"line":25,"column":16},"end":{"line":28,"column":30}},"8":{"start":{"line":30,"column":16},"end":{"line":33,"column":27}},"9":{"start":{"line":37,"column":8},"end":{"line":39,"column":21}},"10":{"start":{"line":40,"column":8},"end":{"line":53,"column":9}},"11":{"start":{"line":43,"column":12},"end":{"line":46,"column":14}},"12":{"start":{"line":47,"column":12},"end":{"line":47,"column":18}},"13":{"start":{"line":50,"column":12},"end":{"line":51,"column":33}},"14":{"start":{"line":52,"column":12},"end":{"line":52,"column":18}},"15":{"start":{"line":55,"column":8},"end":{"line":55,"column":35}},"16":{"start":{"line":61,"column":4},"end":{"line":63,"column":9}},"17":{"start":{"line":62,"column":8},"end":{"line":62,"column":15}},"18":{"start":{"line":64,"column":4},"end":{"line":77,"column":5}},"19":{"start":{"line":70,"column":8},"end":{"line":70,"column":14}},"20":{"start":{"line":76,"column":8},"end":{"line":76,"column":14}},"21":{"start":{"line":82,"column":4},"end":{"line":84,"column":9}},"22":{"start":{"line":83,"column":8},"end":{"line":83,"column":15}},"23":{"start":{"line":85,"column":4},"end":{"line":194,"column":5}},"24":{"start":{"line":91,"column":8},"end":{"line":99,"column":10}},"25":{"start":{"line":98,"column":12},"end":{"line":98,"column":35}},"26":{"start":{"line":102,"column":8},"end":{"line":104,"column":63}},"27":{"start":{"line":105,"column":8},"end":{"line":105,"column":14}},"28":{"start":{"line":112,"column":8},"end":{"line":121,"column":10},"skip":true},"29":{"start":{"line":119,"column":12},"end":{"line":119,"column":55},"skip":true},"30":{"start":{"line":120,"column":12},"end":{"line":120,"column":48},"skip":true},"31":{"start":{"line":123,"column":8},"end":{"line":136,"column":10},"skip":true},"32":{"start":{"line":130,"column":12},"end":{"line":130,"column":76},"skip":true},"33":{"start":{"line":131,"column":12},"end":{"line":131,"column":73},"skip":true},"34":{"start":{"line":132,"column":12},"end":{"line":132,"column":74},"skip":true},"35":{"start":{"line":133,"column":12},"end":{"line":133,"column":79},"skip":true},"36":{"start":{"line":134,"column":12},"end":{"line":134,"column":25},"skip":true},"37":{"start":{"line":135,"column":12},"end":{"line":135,"column":45},"skip":true},"38":{"start":{"line":138,"column":8},"end":{"line":145,"column":14},"skip":true},"39":{"start":{"line":143,"column":16},"end":{"line":143,"column":29},"skip":true},"40":{"start":{"line":144,"column":16},"end":{"line":144,"column":55},"skip":true},"41":{"start":{"line":147,"column":8},"end":{"line":156,"column":10},"skip":true},"42":{"start":{"line":154,"column":12},"end":{"line":154,"column":25},"skip":true},"43":{"start":{"line":155,"column":12},"end":{"line":155,"column":45},"skip":true},"44":{"start":{"line":158,"column":8},"end":{"line":167,"column":10},"skip":true},"45":{"start":{"line":165,"column":12},"end":{"line":165,"column":25},"skip":true},"46":{"start":{"line":166,"column":12},"end":{"line":166,"column":48},"skip":true},"47":{"start":{"line":169,"column":8},"end":{"line":178,"column":10},"skip":true},"48":{"start":{"line":176,"column":12},"end":{"line":176,"column":25},"skip":true},"49":{"start":{"line":177,"column":12},"end":{"line":177,"column":46},"skip":true},"50":{"start":{"line":180,"column":8},"end":{"line":189,"column":10},"skip":true},"51":{"start":{"line":187,"column":12},"end":{"line":187,"column":94},"skip":true},"52":{"start":{"line":188,"column":12},"end":{"line":188,"column":48},"skip":true},"53":{"start":{"line":192,"column":8},"end":{"line":192,"column":35},"skip":true},"54":{"start":{"line":193,"column":8},"end":{"line":193,"column":14},"skip":true}},"branchMap":{"1":{"line":25,"type":"binary-expr","locations":[{"start":{"line":25,"column":23},"end":{"line":25,"column":62}},{"start":{"line":26,"column":20},"end":{"line":26,"column":70}},{"start":{"line":27,"column":20},"end":{"line":27,"column":71}},{"start":{"line":28,"column":20},"end":{"line":28,"column":29}}]},"2":{"line":30,"type":"binary-expr","locations":[{"start":{"line":30,"column":23},"end":{"line":30,"column":37}},{"start":{"line":31,"column":20},"end":{"line":31,"column":61}},{"start":{"line":32,"column":20},"end":{"line":32,"column":70}},{"start":{"line":33,"column":20},"end":{"line":33,"column":26}}]},"3":{"line":37,"type":"cond-expr","locations":[{"start":{"line":38,"column":14},"end":{"line":38,"column":20}},{"start":{"line":39,"column":14},"end":{"line":39,"column":20}}]},"4":{"line":40,"type":"switch","locations":[{"start":{"line":42,"column":8},"end":{"line":47,"column":18}},{"start":{"line":49,"column":8},"end":{"line":52,"column":18}}]},"5":{"line":44,"type":"binary-expr","locations":[{"start":{"line":44,"column":16},"end":{"line":44,"column":44}},{"start":{"line":44,"column":48},"end":{"line":44,"column":66}}]},"6":{"line":50,"type":"binary-expr","locations":[{"start":{"line":50,"column":21},"end":{"line":50,"column":49}},{"start":{"line":50,"column":53},"end":{"line":50,"column":72}}]},"7":{"line":64,"type":"switch","locations":[{"start":{"line":69,"column":4},"end":{"line":70,"column":14}},{"start":{"line":75,"column":4},"end":{"line":76,"column":14}}]},"8":{"line":85,"type":"switch","locations":[{"start":{"line":90,"column":4},"end":{"line":105,"column":14}},{"start":{"line":111,"column":4},"end":{"line":193,"column":14},"skip":true}]},"9":{"line":91,"type":"binary-expr","locations":[{"start":{"line":91,"column":42},"end":{"line":91,"column":73}},{"start":{"line":91,"column":77},"end":{"line":99,"column":9}}]},"10":{"line":102,"type":"binary-expr","locations":[{"start":{"line":102,"column":18},"end":{"line":102,"column":32}},{"start":{"line":103,"column":12},"end":{"line":103,"column":53}},{"start":{"line":104,"column":12},"end":{"line":104,"column":61}}]},"11":{"line":112,"type":"binary-expr","locations":[{"start":{"line":112,"column":45},"end":{"line":112,"column":79},"skip":true},{"start":{"line":112,"column":83},"end":{"line":121,"column":9},"skip":true}]},"12":{"line":123,"type":"binary-expr","locations":[{"start":{"line":123,"column":42},"end":{"line":123,"column":73},"skip":true},{"start":{"line":123,"column":77},"end":{"line":136,"column":9},"skip":true}]},"13":{"line":138,"type":"binary-expr","locations":[{"start":{"line":138,"column":48},"end":{"line":138,"column":85},"skip":true},{"start":{"line":139,"column":12},"end":{"line":145,"column":13},"skip":true}]},"14":{"line":147,"type":"binary-expr","locations":[{"start":{"line":147,"column":42},"end":{"line":147,"column":73},"skip":true},{"start":{"line":147,"column":77},"end":{"line":156,"column":9},"skip":true}]},"15":{"line":158,"type":"binary-expr","locations":[{"start":{"line":158,"column":45},"end":{"line":158,"column":79},"skip":true},{"start":{"line":158,"column":83},"end":{"line":167,"column":9},"skip":true}]},"16":{"line":169,"type":"binary-expr","locations":[{"start":{"line":169,"column":43},"end":{"line":169,"column":75},"skip":true},{"start":{"line":169,"column":79},"end":{"line":178,"column":9},"skip":true}]},"17":{"line":180,"type":"binary-expr","locations":[{"start":{"line":180,"column":41},"end":{"line":180,"column":71},"skip":true},{"start":{"line":180,"column":75},"end":{"line":189,"column":9},"skip":true}]}},"code":["/* istanbul instrument in package npmtest_wordpress */","/*jslint","    bitwise: true,","    browser: true,","    maxerr: 8,","    maxlen: 96,","    node: true,","    nomen: true,","    regexp: true,","    stupid: true","*/","(function () {","    'use strict';","    var local;","","","","    // run shared js-env code - init-before","    (function () {","        // init local","        local = {};","        // init modeJs","        local.modeJs = (function () {","            try {","                return typeof navigator.userAgent === 'string' &&","                    typeof document.querySelector('body') === 'object' &&","                    typeof XMLHttpRequest.prototype.open === 'function' &&","                    'browser';","            } catch (errorCaughtBrowser) {","                return module.exports &&","                    typeof process.versions.node === 'string' &&","                    typeof require('http').createServer === 'function' &&","                    'node';","            }","        }());","        // init global","        local.global = local.modeJs === 'browser'","            ? window","            : global;","        switch (local.modeJs) {","        // re-init local from window.local","        case 'browser':","            local = local.global.utility2.objectSetDefault(","                local.global.utility2_rollup || local.global.local,","                local.global.utility2","            );","            break;","        // re-init local from example.js","        case 'node':","            local = (local.global.utility2_rollup || require('utility2'))","                .requireReadme();","            break;","        }","        // export local","        local.global.local = local;","    }());","","","","    // run shared js-env code - function","    (function () {","        return;","    }());","    switch (local.modeJs) {","","","","    // run browser js-env code - function","    case 'browser':","        break;","","","","    // run node js-env code - function","    case 'node':","        break;","    }","","","","    // run shared js-env code - init-after","    (function () {","        return;","    }());","    switch (local.modeJs) {","","","","    // run browser js-env code - init-after","    case 'browser':","        local.testCase_browser_nullCase = local.testCase_browser_nullCase || function (","            options,","            onError","        ) {","        /*","         * this function will test browsers's null-case handling-behavior-behavior","         */","            onError(null, options);","        };","","        // run tests","        local.nop(local.modeTest &&","            document.querySelector('#testRunButton1') &&","            document.querySelector('#testRunButton1').click());","        break;","","","","    // run node js-env code - init-after","    /* istanbul ignore next */","    case 'node':","        local.testCase_buildApidoc_default = local.testCase_buildApidoc_default || function (","            options,","            onError","        ) {","        /*","         * this function will test buildApidoc's default handling-behavior-behavior","         */","            options = { modulePathList: module.paths };","            local.buildApidoc(options, onError);","        };","","        local.testCase_buildApp_default = local.testCase_buildApp_default || function (","            options,","            onError","        ) {","        /*","         * this function will test buildApp's default handling-behavior-behavior","         */","            local.testCase_buildReadme_default(options, local.onErrorThrow);","            local.testCase_buildLib_default(options, local.onErrorThrow);","            local.testCase_buildTest_default(options, local.onErrorThrow);","            local.testCase_buildCustomOrg_default(options, local.onErrorThrow);","            options = [];","            local.buildApp(options, onError);","        };","","        local.testCase_buildCustomOrg_default = local.testCase_buildCustomOrg_default ||","            function (options, onError) {","            /*","             * this function will test buildCustomOrg's default handling-behavior","             */","                options = {};","                local.buildCustomOrg(options, onError);","            };","","        local.testCase_buildLib_default = local.testCase_buildLib_default || function (","            options,","            onError","        ) {","        /*","         * this function will test buildLib's default handling-behavior","         */","            options = {};","            local.buildLib(options, onError);","        };","","        local.testCase_buildReadme_default = local.testCase_buildReadme_default || function (","            options,","            onError","        ) {","        /*","         * this function will test buildReadme's default handling-behavior-behavior","         */","            options = {};","            local.buildReadme(options, onError);","        };","","        local.testCase_buildTest_default = local.testCase_buildTest_default || function (","            options,","            onError","        ) {","        /*","         * this function will test buildTest's default handling-behavior","         */","            options = {};","            local.buildTest(options, onError);","        };","","        local.testCase_webpage_default = local.testCase_webpage_default || function (","            options,","            onError","        ) {","        /*","         * this function will test webpage's default handling-behavior","         */","            options = { modeCoverageMerge: true, url: local.serverLocalHost + '?modeTest=1' };","            local.browserTest(options, onError);","        };","","        // run test-server","        local.testRunServer(local);","        break;","    }","}());",""],"l":{"12":2,"14":2,"19":2,"21":2,"23":2,"24":2,"25":2,"30":1,"37":2,"40":2,"43":1,"47":1,"50":1,"52":1,"55":2,"61":2,"62":2,"64":2,"70":1,"76":1,"82":2,"83":2,"85":2,"91":1,"98":1,"102":1,"105":1,"112":1,"119":1,"120":1,"123":1,"130":1,"131":1,"132":1,"133":1,"134":1,"135":1,"138":1,"143":2,"144":2,"147":1,"154":2,"155":2,"158":1,"165":2,"166":2,"169":1,"176":2,"177":2,"180":1,"187":1,"188":1,"192":1,"193":1}},"/home/travis/build/npmtest/node-npmtest-wordpress/lib.npmtest_wordpress.js":{"path":"/home/travis/build/npmtest/node-npmtest-wordpress/lib.npmtest_wordpress.js","s":{"1":2,"2":2,"3":2,"4":2,"5":2,"6":2,"7":2,"8":1,"9":2,"10":2,"11":2,"12":2,"13":1,"14":1,"15":1,"16":1},"b":{"1":[2,1,1,1],"2":[1,1,1,1],"3":[1,1],"4":[2,2],"5":[1,1]},"f":{"1":2,"2":2,"3":2},"fnMap":{"1":{"name":"(anonymous_1)","line":12,"loc":{"start":{"line":12,"column":1},"end":{"line":12,"column":13}}},"2":{"name":"(anonymous_2)","line":19,"loc":{"start":{"line":19,"column":5},"end":{"line":19,"column":17}}},"3":{"name":"(anonymous_3)","line":23,"loc":{"start":{"line":23,"column":24},"end":{"line":23,"column":36}}}},"statementMap":{"1":{"start":{"line":12,"column":0},"end":{"line":53,"column":5}},"2":{"start":{"line":14,"column":4},"end":{"line":14,"column":14}},"3":{"start":{"line":19,"column":4},"end":{"line":52,"column":9}},"4":{"start":{"line":21,"column":8},"end":{"line":21,"column":19}},"5":{"start":{"line":23,"column":8},"end":{"line":35,"column":13}},"6":{"start":{"line":24,"column":12},"end":{"line":34,"column":13}},"7":{"start":{"line":25,"column":16},"end":{"line":28,"column":30}},"8":{"start":{"line":30,"column":16},"end":{"line":33,"column":27}},"9":{"start":{"line":37,"column":8},"end":{"line":39,"column":21}},"10":{"start":{"line":41,"column":8},"end":{"line":41,"column":54}},"11":{"start":{"line":43,"column":8},"end":{"line":43,"column":54}},"12":{"start":{"line":45,"column":8},"end":{"line":51,"column":9}},"13":{"start":{"line":46,"column":12},"end":{"line":46,"column":60}},"14":{"start":{"line":48,"column":12},"end":{"line":48,"column":35}},"15":{"start":{"line":49,"column":12},"end":{"line":49,"column":49}},"16":{"start":{"line":50,"column":12},"end":{"line":50,"column":43}}},"branchMap":{"1":{"line":25,"type":"binary-expr","locations":[{"start":{"line":25,"column":23},"end":{"line":25,"column":62}},{"start":{"line":26,"column":20},"end":{"line":26,"column":70}},{"start":{"line":27,"column":20},"end":{"line":27,"column":71}},{"start":{"line":28,"column":20},"end":{"line":28,"column":29}}]},"2":{"line":30,"type":"binary-expr","locations":[{"start":{"line":30,"column":23},"end":{"line":30,"column":37}},{"start":{"line":31,"column":20},"end":{"line":31,"column":61}},{"start":{"line":32,"column":20},"end":{"line":32,"column":70}},{"start":{"line":33,"column":20},"end":{"line":33,"column":26}}]},"3":{"line":37,"type":"cond-expr","locations":[{"start":{"line":38,"column":14},"end":{"line":38,"column":20}},{"start":{"line":39,"column":14},"end":{"line":39,"column":20}}]},"4":{"line":41,"type":"binary-expr","locations":[{"start":{"line":41,"column":16},"end":{"line":41,"column":44}},{"start":{"line":41,"column":48},"end":{"line":41,"column":53}}]},"5":{"line":45,"type":"if","locations":[{"start":{"line":45,"column":8},"end":{"line":45,"column":8}},{"start":{"line":45,"column":8},"end":{"line":45,"column":8}}]}},"code":["/* istanbul instrument in package npmtest_wordpress */","/*jslint","    bitwise: true,","    browser: true,","    maxerr: 8,","    maxlen: 96,","    node: true,","    nomen: true,","    regexp: true,","    stupid: true","*/","(function () {","    'use strict';","    var local;","","","","    // run shared js-env code - init-before","    (function () {","        // init local","        local = {};","        // init modeJs","        local.modeJs = (function () {","            try {","                return typeof navigator.userAgent === 'string' &&","                    typeof document.querySelector('body') === 'object' &&","                    typeof XMLHttpRequest.prototype.open === 'function' &&","                    'browser';","            } catch (errorCaughtBrowser) {","                return module.exports &&","                    typeof process.versions.node === 'string' &&","                    typeof require('http').createServer === 'function' &&","                    'node';","            }","        }());","        // init global","        local.global = local.modeJs === 'browser'","            ? window","            : global;","        // init utility2_rollup","        local = local.global.utility2_rollup || local;","        // init lib","        local.local = local.npmtest_wordpress = local;","        // init exports","        if (local.modeJs === 'browser') {","            local.global.utility2_npmtest_wordpress = local;","        } else {","            module.exports = local;","            module.exports.__dirname = __dirname;","            module.exports.module = module;","        }","    }());","}());",""],"l":{"12":2,"14":2,"19":2,"21":2,"23":2,"24":2,"25":2,"30":1,"37":2,"41":2,"43":2,"45":2,"46":1,"48":1,"49":1,"50":1}},"/home/travis/build/npmtest/node-npmtest-wordpress/example.js":{"path":"/home/travis/build/npmtest/node-npmtest-wordpress/example.js","s":{"1":2,"2":2,"3":2,"4":2,"5":2,"6":2,"7":2,"8":1,"9":2,"10":2,"11":2,"12":2,"13":1,"14":2,"15":2,"16":2,"17":2,"18":2,"19":0,"20":2,"21":1,"22":1,"23":1,"24":1,"25":1,"26":0,"27":0,"28":1,"29":1,"30":2,"31":0,"32":0,"33":0,"34":1,"35":2,"36":2,"37":3,"38":3,"39":3,"40":3,"41":0,"42":3,"43":3,"44":3,"45":1,"46":3,"47":1,"48":1,"49":1,"50":1,"51":1,"52":1,"53":1,"54":1,"55":1,"56":1,"57":0,"58":1,"59":6,"60":6,"61":1,"62":2,"63":0,"64":2,"65":1,"66":1,"67":0,"68":0,"69":0,"70":0,"71":0,"72":0,"73":0,"74":0,"75":0,"76":0,"77":0,"78":0,"79":0,"80":0,"81":0,"82":0,"83":0},"b":{"1":[2,1,1,1],"2":[1,1,1,1],"3":[1,1],"4":[2,2],"5":[1,1],"6":[1,1],"7":[2,0],"8":[2,1,1,1,1,1],"9":[0,2,0],"10":[1,1],"11":[2,1,1],"12":[1,0],"13":[0,2],"14":[2,0,0,0,0,0,0],"15":[0,3],"16":[3,0],"17":[1,1],"18":[0,1],"19":[1,2,0,2],"20":[1,0],"21":[1,1],"22":[0,0],"23":[0,0],"24":[0,0],"25":[0,0],"26":[0,0],"27":[0,0],"28":[0,0]},"f":{"1":2,"2":2,"3":2,"4":2,"5":2,"6":2,"7":3,"8":3,"9":3,"10":1,"11":6,"12":0},"fnMap":{"1":{"name":"(anonymous_1)","line":26,"loc":{"start":{"line":26,"column":1},"end":{"line":26,"column":13}}},"2":{"name":"(anonymous_2)","line":33,"loc":{"start":{"line":33,"column":5},"end":{"line":33,"column":17}}},"3":{"name":"(anonymous_3)","line":37,"loc":{"start":{"line":37,"column":24},"end":{"line":37,"column":36}}},"4":{"name":"(anonymous_4)","line":69,"loc":{"start":{"line":69,"column":31},"end":{"line":69,"column":48}},"skip":true},"5":{"name":"(anonymous_5)","line":78,"loc":{"start":{"line":78,"column":26},"end":{"line":78,"column":45}},"skip":true},"6":{"name":"(anonymous_6)","line":123,"loc":{"start":{"line":123,"column":33},"end":{"line":123,"column":48}},"skip":true},"7":{"name":"(anonymous_7)","line":125,"loc":{"start":{"line":125,"column":27},"end":{"line":125,"column":39}},"skip":true},"8":{"name":"(anonymous_8)","line":133,"loc":{"start":{"line":133,"column":59},"end":{"line":133,"column":74}},"skip":true},"9":{"name":"(anonymous_9)","line":143,"loc":{"start":{"line":143,"column":45},"end":{"line":143,"column":62}},"skip":true},"10":{"name":"(anonymous_10)","line":144,"loc":{"start":{"line":144,"column":73},"end":{"line":144,"column":92}},"skip":true},"11":{"name":"(anonymous_11)","line":272,"loc":{"start":{"line":272,"column":51},"end":{"line":272,"column":77}},"skip":true},"12":{"name":"(anonymous_12)","line":315,"loc":{"start":{"line":315,"column":32},"end":{"line":315,"column":61}},"skip":true}},"statementMap":{"1":{"start":{"line":26,"column":0},"end":{"line":326,"column":5}},"2":{"start":{"line":28,"column":4},"end":{"line":28,"column":14}},"3":{"start":{"line":33,"column":4},"end":{"line":60,"column":9}},"4":{"start":{"line":35,"column":8},"end":{"line":35,"column":19}},"5":{"start":{"line":37,"column":8},"end":{"line":49,"column":13}},"6":{"start":{"line":38,"column":12},"end":{"line":48,"column":13}},"7":{"start":{"line":39,"column":16},"end":{"line":42,"column":30}},"8":{"start":{"line":44,"column":16},"end":{"line":47,"column":27}},"9":{"start":{"line":51,"column":8},"end":{"line":53,"column":21}},"10":{"start":{"line":55,"column":8},"end":{"line":57,"column":45}},"11":{"start":{"line":59,"column":8},"end":{"line":59,"column":35}},"12":{"start":{"line":61,"column":4},"end":{"line":325,"column":5}},"13":{"start":{"line":69,"column":8},"end":{"line":121,"column":10},"skip":true},"14":{"start":{"line":70,"column":12},"end":{"line":88,"column":13},"skip":true},"15":{"start":{"line":76,"column":16},"end":{"line":87,"column":19},"skip":true},"16":{"start":{"line":79,"column":20},"end":{"line":86,"column":21},"skip":true},"17":{"start":{"line":82,"column":24},"end":{"line":82,"column":43},"skip":true},"18":{"start":{"line":83,"column":24},"end":{"line":83,"column":30},"skip":true},"19":{"start":{"line":85,"column":24},"end":{"line":85,"column":49},"skip":true},"20":{"start":{"line":89,"column":12},"end":{"line":107,"column":13},"skip":true},"21":{"start":{"line":92,"column":16},"end":{"line":102,"column":17},"skip":true},"22":{"start":{"line":93,"column":20},"end":{"line":93,"column":86},"skip":true},"23":{"start":{"line":94,"column":20},"end":{"line":95,"column":45},"skip":true},"24":{"start":{"line":96,"column":20},"end":{"line":96,"column":42},"skip":true},"25":{"start":{"line":97,"column":20},"end":{"line":97,"column":48},"skip":true},"26":{"start":{"line":100,"column":20},"end":{"line":100,"column":85},"skip":true},"27":{"start":{"line":101,"column":20},"end":{"line":101,"column":96},"skip":true},"28":{"start":{"line":103,"column":16},"end":{"line":103,"column":22},"skip":true},"29":{"start":{"line":106,"column":16},"end":{"line":106,"column":22},"skip":true},"30":{"start":{"line":108,"column":12},"end":{"line":120,"column":13},"skip":true},"31":{"start":{"line":114,"column":16},"end":{"line":119,"column":17},"skip":true},"32":{"start":{"line":116,"column":20},"end":{"line":116,"column":78},"skip":true},"33":{"start":{"line":118,"column":20},"end":{"line":118,"column":47},"skip":true},"34":{"start":{"line":123,"column":8},"end":{"line":141,"column":11},"skip":true},"35":{"start":{"line":124,"column":12},"end":{"line":124,"column":54},"skip":true},"36":{"start":{"line":125,"column":12},"end":{"line":140,"column":14},"skip":true},"37":{"start":{"line":126,"column":16},"end":{"line":126,"column":28},"skip":true},"38":{"start":{"line":127,"column":16},"end":{"line":127,"column":69},"skip":true},"39":{"start":{"line":128,"column":16},"end":{"line":128,"column":75},"skip":true},"40":{"start":{"line":129,"column":16},"end":{"line":131,"column":17},"skip":true},"41":{"start":{"line":130,"column":20},"end":{"line":130,"column":27},"skip":true},"42":{"start":{"line":133,"column":16},"end":{"line":137,"column":36},"skip":true},"43":{"start":{"line":134,"column":20},"end":{"line":136,"column":55},"skip":true},"44":{"start":{"line":139,"column":16},"end":{"line":139,"column":57},"skip":true},"45":{"start":{"line":143,"column":8},"end":{"line":147,"column":11},"skip":true},"46":{"start":{"line":144,"column":12},"end":{"line":146,"column":15},"skip":true},"47":{"start":{"line":145,"column":16},"end":{"line":145,"column":70},"skip":true},"48":{"start":{"line":149,"column":8},"end":{"line":149,"column":31},"skip":true},"49":{"start":{"line":150,"column":8},"end":{"line":150,"column":14},"skip":true},"50":{"start":{"line":158,"column":8},"end":{"line":158,"column":31},"skip":true},"51":{"start":{"line":160,"column":8},"end":{"line":160,"column":33},"skip":true},"52":{"start":{"line":161,"column":8},"end":{"line":161,"column":37},"skip":true},"53":{"start":{"line":162,"column":8},"end":{"line":162,"column":35},"skip":true},"54":{"start":{"line":164,"column":8},"end":{"line":164,"column":50},"skip":true},"55":{"start":{"line":166,"column":8},"end":{"line":256,"column":2},"skip":true},"56":{"start":{"line":258,"column":8},"end":{"line":286,"column":9},"skip":true},"57":{"start":{"line":259,"column":12},"end":{"line":269,"column":14},"skip":true},"58":{"start":{"line":271,"column":12},"end":{"line":285,"column":19},"skip":true},"59":{"start":{"line":274,"column":20},"end":{"line":274,"column":35},"skip":true},"60":{"start":{"line":275,"column":20},"end":{"line":284,"column":21},"skip":true},"61":{"start":{"line":277,"column":24},"end":{"line":277,"column":64},"skip":true},"62":{"start":{"line":279,"column":24},"end":{"line":279,"column":40},"skip":true},"63":{"start":{"line":281,"column":24},"end":{"line":281,"column":40},"skip":true},"64":{"start":{"line":283,"column":24},"end":{"line":283,"column":39},"skip":true},"65":{"start":{"line":288,"column":8},"end":{"line":290,"column":9},"skip":true},"66":{"start":{"line":289,"column":12},"end":{"line":289,"column":18},"skip":true},"67":{"start":{"line":291,"column":8},"end":{"line":293,"column":54},"skip":true},"68":{"start":{"line":296,"column":8},"end":{"line":301,"column":37},"skip":true},"69":{"start":{"line":303,"column":8},"end":{"line":303,"column":82},"skip":true},"70":{"start":{"line":306,"column":8},"end":{"line":308,"column":9},"skip":true},"71":{"start":{"line":307,"column":12},"end":{"line":307,"column":82},"skip":true},"72":{"start":{"line":310,"column":8},"end":{"line":312,"column":9},"skip":true},"73":{"start":{"line":311,"column":12},"end":{"line":311,"column":18},"skip":true},"74":{"start":{"line":313,"column":8},"end":{"line":313,"column":54},"skip":true},"75":{"start":{"line":314,"column":8},"end":{"line":314,"column":69},"skip":true},"76":{"start":{"line":315,"column":8},"end":{"line":323,"column":36},"skip":true},"77":{"start":{"line":316,"column":12},"end":{"line":316,"column":61},"skip":true},"78":{"start":{"line":317,"column":12},"end":{"line":320,"column":13},"skip":true},"79":{"start":{"line":318,"column":16},"end":{"line":318,"column":75},"skip":true},"80":{"start":{"line":319,"column":16},"end":{"line":319,"column":23},"skip":true},"81":{"start":{"line":321,"column":12},"end":{"line":321,"column":38},"skip":true},"82":{"start":{"line":322,"column":12},"end":{"line":322,"column":27},"skip":true},"83":{"start":{"line":324,"column":8},"end":{"line":324,"column":14},"skip":true}},"branchMap":{"1":{"line":39,"type":"binary-expr","locations":[{"start":{"line":39,"column":23},"end":{"line":39,"column":62}},{"start":{"line":40,"column":20},"end":{"line":40,"column":70}},{"start":{"line":41,"column":20},"end":{"line":41,"column":71}},{"start":{"line":42,"column":20},"end":{"line":42,"column":29}}]},"2":{"line":44,"type":"binary-expr","locations":[{"start":{"line":44,"column":23},"end":{"line":44,"column":37}},{"start":{"line":45,"column":20},"end":{"line":45,"column":61}},{"start":{"line":46,"column":20},"end":{"line":46,"column":70}},{"start":{"line":47,"column":20},"end":{"line":47,"column":26}}]},"3":{"line":51,"type":"cond-expr","locations":[{"start":{"line":52,"column":14},"end":{"line":52,"column":20}},{"start":{"line":53,"column":14},"end":{"line":53,"column":20}}]},"4":{"line":55,"type":"binary-expr","locations":[{"start":{"line":55,"column":16},"end":{"line":55,"column":44}},{"start":{"line":55,"column":49},"end":{"line":57,"column":43}}]},"5":{"line":55,"type":"cond-expr","locations":[{"start":{"line":56,"column":14},"end":{"line":56,"column":53}},{"start":{"line":57,"column":14},"end":{"line":57,"column":43}}]},"6":{"line":61,"type":"switch","locations":[{"start":{"line":68,"column":4},"end":{"line":150,"column":14},"skip":true},{"start":{"line":156,"column":4},"end":{"line":324,"column":14},"skip":true}]},"7":{"line":70,"type":"if","locations":[{"start":{"line":70,"column":12},"end":{"line":70,"column":12},"skip":true},{"start":{"line":70,"column":12},"end":{"line":70,"column":12},"skip":true}]},"8":{"line":70,"type":"binary-expr","locations":[{"start":{"line":70,"column":16},"end":{"line":70,"column":22},"skip":true},{"start":{"line":70,"column":27},"end":{"line":70,"column":32},"skip":true},{"start":{"line":71,"column":20},"end":{"line":71,"column":39},"skip":true},{"start":{"line":72,"column":20},"end":{"line":72,"column":49},"skip":true},{"start":{"line":73,"column":20},"end":{"line":73,"column":58},"skip":true},{"start":{"line":74,"column":20},"end":{"line":74,"column":69},"skip":true}]},"9":{"line":79,"type":"switch","locations":[{"start":{"line":80,"column":20},"end":{"line":80,"column":33},"skip":true},{"start":{"line":81,"column":20},"end":{"line":83,"column":30},"skip":true},{"start":{"line":84,"column":20},"end":{"line":85,"column":49},"skip":true}]},"10":{"line":89,"type":"switch","locations":[{"start":{"line":90,"column":12},"end":{"line":103,"column":22},"skip":true},{"start":{"line":105,"column":12},"end":{"line":106,"column":22},"skip":true}]},"11":{"line":89,"type":"binary-expr","locations":[{"start":{"line":89,"column":20},"end":{"line":89,"column":25},"skip":true},{"start":{"line":89,"column":29},"end":{"line":89,"column":48},"skip":true},{"start":{"line":89,"column":52},"end":{"line":89,"column":74},"skip":true}]},"12":{"line":92,"type":"if","locations":[{"start":{"line":92,"column":16},"end":{"line":92,"column":16},"skip":true},{"start":{"line":92,"column":16},"end":{"line":92,"column":16},"skip":true}]},"13":{"line":108,"type":"if","locations":[{"start":{"line":108,"column":12},"end":{"line":108,"column":12},"skip":true},{"start":{"line":108,"column":12},"end":{"line":108,"column":12},"skip":true}]},"14":{"line":108,"type":"binary-expr","locations":[{"start":{"line":108,"column":16},"end":{"line":108,"column":61},"skip":true},{"start":{"line":108,"column":66},"end":{"line":108,"column":72},"skip":true},{"start":{"line":108,"column":77},"end":{"line":108,"column":82},"skip":true},{"start":{"line":109,"column":20},"end":{"line":109,"column":39},"skip":true},{"start":{"line":110,"column":20},"end":{"line":110,"column":49},"skip":true},{"start":{"line":111,"column":20},"end":{"line":111,"column":58},"skip":true},{"start":{"line":112,"column":20},"end":{"line":112,"column":68},"skip":true}]},"15":{"line":129,"type":"if","locations":[{"start":{"line":129,"column":16},"end":{"line":129,"column":16},"skip":true},{"start":{"line":129,"column":16},"end":{"line":129,"column":16},"skip":true}]},"16":{"line":134,"type":"cond-expr","locations":[{"start":{"line":135,"column":26},"end":{"line":135,"column":29},"skip":true},{"start":{"line":136,"column":26},"end":{"line":136,"column":54},"skip":true}]},"17":{"line":164,"type":"binary-expr","locations":[{"start":{"line":164,"column":27},"end":{"line":164,"column":43},"skip":true},{"start":{"line":164,"column":47},"end":{"line":164,"column":49},"skip":true}]},"18":{"line":258,"type":"if","locations":[{"start":{"line":258,"column":8},"end":{"line":258,"column":8},"skip":true},{"start":{"line":258,"column":8},"end":{"line":258,"column":8},"skip":true}]},"19":{"line":275,"type":"switch","locations":[{"start":{"line":276,"column":20},"end":{"line":277,"column":64},"skip":true},{"start":{"line":278,"column":20},"end":{"line":279,"column":40},"skip":true},{"start":{"line":280,"column":20},"end":{"line":281,"column":40},"skip":true},{"start":{"line":282,"column":20},"end":{"line":283,"column":39},"skip":true}]},"20":{"line":288,"type":"if","locations":[{"start":{"line":288,"column":8},"end":{"line":288,"column":8},"skip":true},{"start":{"line":288,"column":8},"end":{"line":288,"column":8},"skip":true}]},"21":{"line":288,"type":"binary-expr","locations":[{"start":{"line":288,"column":12},"end":{"line":288,"column":40},"skip":true},{"start":{"line":288,"column":44},"end":{"line":288,"column":67},"skip":true}]},"22":{"line":292,"type":"binary-expr","locations":[{"start":{"line":292,"column":12},"end":{"line":292,"column":50},"skip":true},{"start":{"line":293,"column":12},"end":{"line":293,"column":53},"skip":true}]},"23":{"line":297,"type":"binary-expr","locations":[{"start":{"line":297,"column":12},"end":{"line":297,"column":67},"skip":true},{"start":{"line":298,"column":12},"end":{"line":301,"column":36},"skip":true}]},"24":{"line":303,"type":"binary-expr","locations":[{"start":{"line":303,"column":43},"end":{"line":303,"column":75},"skip":true},{"start":{"line":303,"column":79},"end":{"line":303,"column":81},"skip":true}]},"25":{"line":306,"type":"if","locations":[{"start":{"line":306,"column":8},"end":{"line":306,"column":8},"skip":true},{"start":{"line":306,"column":8},"end":{"line":306,"column":8},"skip":true}]},"26":{"line":310,"type":"if","locations":[{"start":{"line":310,"column":8},"end":{"line":310,"column":8},"skip":true},{"start":{"line":310,"column":8},"end":{"line":310,"column":8},"skip":true}]},"27":{"line":313,"type":"binary-expr","locations":[{"start":{"line":313,"column":27},"end":{"line":313,"column":43},"skip":true},{"start":{"line":313,"column":47},"end":{"line":313,"column":53},"skip":true}]},"28":{"line":317,"type":"if","locations":[{"start":{"line":317,"column":12},"end":{"line":317,"column":12},"skip":true},{"start":{"line":317,"column":12},"end":{"line":317,"column":12},"skip":true}]}},"code":["/*","example.js","","quickstart example","","instruction","    1. save this script as example.js","    2. run the shell command:","        $ npm install npmtest-wordpress && PORT=8081 node example.js","    3. play with the browser-demo on http://127.0.0.1:8081","*/","","","","/* istanbul instrument in package npmtest_wordpress */","/*jslint","    bitwise: true,","    browser: true,","    maxerr: 8,","    maxlen: 96,","    node: true,","    nomen: true,","    regexp: true,","    stupid: true","*/","(function () {","    'use strict';","    var local;","","","","    // run shared js-env code - init-before","    (function () {","        // init local","        local = {};","        // init modeJs","        local.modeJs = (function () {","            try {","                return typeof navigator.userAgent === 'string' &&","                    typeof document.querySelector('body') === 'object' &&","                    typeof XMLHttpRequest.prototype.open === 'function' &&","                    'browser';","            } catch (errorCaughtBrowser) {","                return module.exports &&","                    typeof process.versions.node === 'string' &&","                    typeof require('http').createServer === 'function' &&","                    'node';","            }","        }());","        // init global","        local.global = local.modeJs === 'browser'","            ? window","            : global;","        // init utility2_rollup","        local = local.global.utility2_rollup || (local.modeJs === 'browser'","            ? local.global.utility2_npmtest_wordpress","            : global.utility2_moduleExports);","        // export local","        local.global.local = local;","    }());","    switch (local.modeJs) {","","","","    // init-after","    // run browser js-env code - init-after","    /* istanbul ignore next */","    case 'browser':","        local.testRunBrowser = function (event) {","            if (!event || (event &&","                    event.currentTarget &&","                    event.currentTarget.className &&","                    event.currentTarget.className.includes &&","                    event.currentTarget.className.includes('onreset'))) {","                // reset output","                Array.from(","                    document.querySelectorAll('body > .resettable')","                ).forEach(function (element) {","                    switch (element.tagName) {","                    case 'INPUT':","                    case 'TEXTAREA':","                        element.value = '';","                        break;","                    default:","                        element.textContent = '';","                    }","                });","            }","            switch (event && event.currentTarget && event.currentTarget.id) {","            case 'testRunButton1':","                // show tests","                if (document.querySelector('#testReportDiv1').style.display === 'none') {","                    document.querySelector('#testReportDiv1').style.display = 'block';","                    document.querySelector('#testRunButton1').textContent =","                        'hide internal test';","                    local.modeTest = true;","                    local.testRunDefault(local);","                // hide tests","                } else {","                    document.querySelector('#testReportDiv1').style.display = 'none';","                    document.querySelector('#testRunButton1').textContent = 'run internal test';","                }","                break;","            // custom-case","            default:","                break;","            }","            if (document.querySelector('#inputTextareaEval1') && (!event || (event &&","                    event.currentTarget &&","                    event.currentTarget.className &&","                    event.currentTarget.className.includes &&","                    event.currentTarget.className.includes('oneval')))) {","                // try to eval input-code","                try {","                    /*jslint evil: true*/","                    eval(document.querySelector('#inputTextareaEval1').value);","                } catch (errorCaught) {","                    console.error(errorCaught);","                }","            }","        };","        // log stderr and stdout to #outputTextareaStdout1","        ['error', 'log'].forEach(function (key) {","            console[key + '_original'] = console[key];","            console[key] = function () {","                var element;","                console[key + '_original'].apply(console, arguments);","                element = document.querySelector('#outputTextareaStdout1');","                if (!element) {","                    return;","                }","                // append text to #outputTextareaStdout1","                element.value += Array.from(arguments).map(function (arg) {","                    return typeof arg === 'string'","                        ? arg","                        : JSON.stringify(arg, null, 4);","                }).join(' ') + '\\n';","                // scroll textarea to bottom","                element.scrollTop = element.scrollHeight;","            };","        });","        // init event-handling","        ['change', 'click', 'keyup'].forEach(function (event) {","            Array.from(document.querySelectorAll('.on' + event)).forEach(function (element) {","                element.addEventListener(event, local.testRunBrowser);","            });","        });","        // run tests","        local.testRunBrowser();","        break;","","","","    // run node js-env code - init-after","    /* istanbul ignore next */","    case 'node':","        // export local","        module.exports = local;","        // require modules","        local.fs = require('fs');","        local.http = require('http');","        local.url = require('url');","        // init assets","        local.assetsDict = local.assetsDict || {};","        /* jslint-ignore-begin */","        local.assetsDict['/assets.index.template.html'] = '\\","<!doctype html>\\n\\","<html lang=\"en\">\\n\\","<head>\\n\\","<meta charset=\"UTF-8\">\\n\\","<meta name=\"viewport\" content=\"width=device-width, initial-scale=1\">\\n\\","<title>{{env.npm_package_name}} (v{{env.npm_package_version}})</title>\\n\\","<style>\\n\\","/*csslint\\n\\","    box-sizing: false,\\n\\","    universal-selector: false\\n\\","*/\\n\\","* {\\n\\","    box-sizing: border-box;\\n\\","}\\n\\","body {\\n\\","    background: #dde;\\n\\","    font-family: Arial, Helvetica, sans-serif;\\n\\","    margin: 2rem;\\n\\","}\\n\\","body > * {\\n\\","    margin-bottom: 1rem;\\n\\","}\\n\\",".utility2FooterDiv {\\n\\","    margin-top: 20px;\\n\\","    text-align: center;\\n\\","}\\n\\","</style>\\n\\","<style>\\n\\","/*csslint\\n\\","*/\\n\\","textarea {\\n\\","    font-family: monospace;\\n\\","    height: 10rem;\\n\\","    width: 100%;\\n\\","}\\n\\","textarea[readonly] {\\n\\","    background: #ddd;\\n\\","}\\n\\","</style>\\n\\","</head>\\n\\","<body>\\n\\","<!-- utility2-comment\\n\\","<div id=\"ajaxProgressDiv1\" style=\"background: #d00; height: 2px; left: 0; margin: 0; padding: 0; position: fixed; top: 0; transition: background 0.5s, width 1.5s; width: 25%;\"></div>\\n\\","utility2-comment -->\\n\\","<h1>\\n\\","<!-- utility2-comment\\n\\","    <a\\n\\","        {{#if env.npm_package_homepage}}\\n\\","        href=\"{{env.npm_package_homepage}}\"\\n\\","        {{/if env.npm_package_homepage}}\\n\\","        target=\"_blank\"\\n\\","    >\\n\\","utility2-comment -->\\n\\","        {{env.npm_package_name}} (v{{env.npm_package_version}})\\n\\","<!-- utility2-comment\\n\\","    </a>\\n\\","utility2-comment -->\\n\\","</h1>\\n\\","<h3>{{env.npm_package_description}}</h3>\\n\\","<!-- utility2-comment\\n\\","<h4><a download href=\"assets.app.js\">download standalone app</a></h4>\\n\\","<button class=\"onclick onreset\" id=\"testRunButton1\">run internal test</button><br>\\n\\","<div id=\"testReportDiv1\" style=\"display: none;\"></div>\\n\\","utility2-comment -->\\n\\","\\n\\","\\n\\","\\n\\","<label>stderr and stdout</label>\\n\\","<textarea class=\"resettable\" id=\"outputTextareaStdout1\" readonly></textarea>\\n\\","<!-- utility2-comment\\n\\","{{#if isRollup}}\\n\\","<script src=\"assets.app.js\"></script>\\n\\","{{#unless isRollup}}\\n\\","utility2-comment -->\\n\\","<script src=\"assets.utility2.rollup.js\"></script>\\n\\","<script src=\"jsonp.utility2._stateInit?callback=window.utility2._stateInit\"></script>\\n\\","<script src=\"assets.npmtest_wordpress.rollup.js\"></script>\\n\\","<script src=\"assets.example.js\"></script>\\n\\","<script src=\"assets.test.js\"></script>\\n\\","<!-- utility2-comment\\n\\","{{/if isRollup}}\\n\\","utility2-comment -->\\n\\","<div class=\"utility2FooterDiv\">\\n\\","    [ this app was created with\\n\\","    <a href=\"https://github.com/kaizhu256/node-utility2\" target=\"_blank\">utility2</a>\\n\\","    ]\\n\\","</div>\\n\\","</body>\\n\\","</html>\\n\\","';","        /* jslint-ignore-end */","        if (local.templateRender) {","            local.assetsDict['/'] = local.templateRender(","                local.assetsDict['/assets.index.template.html'],","                {","                    env: local.objectSetDefault(local.env, {","                        npm_package_description: 'the greatest app in the world!',","                        npm_package_name: 'my-app',","                        npm_package_nameAlias: 'my_app',","                        npm_package_version: '0.0.1'","                    })","                }","            );","        } else {","            local.assetsDict['/'] = local.assetsDict['/assets.index.template.html']","                .replace((/\\{\\{env\\.(\\w+?)\\}\\}/g), function (match0, match1) {","                    // jslint-hack","                    String(match0);","                    switch (match1) {","                    case 'npm_package_description':","                        return 'the greatest app in the world!';","                    case 'npm_package_name':","                        return 'my-app';","                    case 'npm_package_nameAlias':","                        return 'my_app';","                    case 'npm_package_version':","                        return '0.0.1';","                    }","                });","        }","        // run the cli","        if (local.global.utility2_rollup || module !== require.main) {","            break;","        }","        local.assetsDict['/assets.example.js'] =","            local.assetsDict['/assets.example.js'] ||","            local.fs.readFileSync(__filename, 'utf8');","        // bug-workaround - long $npm_package_buildCustomOrg","        /* jslint-ignore-begin */","        local.assetsDict['/assets.npmtest_wordpress.rollup.js'] =","            local.assetsDict['/assets.npmtest_wordpress.rollup.js'] ||","            local.fs.readFileSync(","                local.npmtest_wordpress.__dirname + '/lib.npmtest_wordpress.js',","                'utf8'","            ).replace((/^#!/), '//');","        /* jslint-ignore-end */","        local.assetsDict['/favicon.ico'] = local.assetsDict['/favicon.ico'] || '';","        // if $npm_config_timeout_exit exists,","        // then exit this process after $npm_config_timeout_exit ms","        if (Number(process.env.npm_config_timeout_exit)) {","            setTimeout(process.exit, Number(process.env.npm_config_timeout_exit));","        }","        // start server","        if (local.global.utility2_serverHttp1) {","            break;","        }","        process.env.PORT = process.env.PORT || '8081';","        console.error('server starting on port ' + process.env.PORT);","        local.http.createServer(function (request, response) {","            request.urlParsed = local.url.parse(request.url);","            if (local.assetsDict[request.urlParsed.pathname] !== undefined) {","                response.end(local.assetsDict[request.urlParsed.pathname]);","                return;","            }","            response.statusCode = 404;","            response.end();","        }).listen(process.env.PORT);","        break;","    }","}());",""],"l":{"26":2,"28":2,"33":2,"35":2,"37":2,"38":2,"39":2,"44":1,"51":2,"55":2,"59":2,"61":2,"69":1,"70":2,"76":2,"79":2,"82":2,"83":2,"85":1,"89":2,"92":1,"93":1,"94":1,"96":1,"97":1,"100":1,"101":1,"103":1,"106":1,"108":2,"114":1,"116":1,"118":1,"123":1,"124":2,"125":2,"126":3,"127":3,"128":3,"129":3,"130":1,"133":3,"134":3,"139":3,"143":1,"144":3,"145":1,"149":1,"150":1,"158":1,"160":1,"161":1,"162":1,"164":1,"166":1,"258":1,"259":1,"271":1,"274":6,"275":6,"277":1,"279":2,"281":1,"283":2,"288":1,"289":1,"291":1,"296":1,"303":1,"306":1,"307":1,"310":1,"311":1,"313":1,"314":1,"315":1,"316":1,"317":1,"318":1,"319":1,"321":1,"322":1,"324":1}},"/home/travis/build/npmtest/node-npmtest-wordpress/node_modules/wordpress/lib/wordpress.js":{"path":"/home/travis/build/npmtest/node-npmtest-wordpress/node_modules/wordpress/lib/wordpress.js","s":{"1":1,"2":1,"3":4,"4":20,"5":4,"6":1,"7":0,"8":0,"9":1,"10":0,"11":0,"12":0,"13":0,"14":0,"15":0,"16":0,"17":0,"18":1,"19":0,"20":0,"21":0,"22":0,"23":0,"24":0,"25":1,"26":0,"27":0,"28":0,"29":0,"30":0,"31":0,"32":0,"33":0,"34":0,"35":0,"36":0,"37":0,"38":0,"39":0,"40":0,"41":0,"42":0,"43":0,"44":0,"45":1,"46":0,"47":0,"48":0,"49":0,"50":0,"51":0,"52":0,"53":0,"54":0,"55":0,"56":0,"57":0,"58":0,"59":0,"60":0,"61":0,"62":0,"63":0,"64":0,"65":0,"66":0,"67":0,"68":0,"69":0,"70":0,"71":0,"72":0,"73":0,"74":0,"75":0,"76":0,"77":0,"78":0,"79":0,"80":0,"81":0,"82":0,"83":0,"84":0,"85":0,"86":0,"87":0,"88":0,"89":0,"90":0,"91":0,"92":0,"93":0,"94":0,"95":0,"96":0,"97":0,"98":0,"99":0,"100":0,"101":0,"102":0,"103":0,"104":0,"105":0,"106":0,"107":1,"108":0,"109":0,"110":0,"111":0,"112":0,"113":0,"114":0,"115":0,"116":0,"117":0,"118":0,"119":0,"120":0,"121":0,"122":0,"123":0,"124":0,"125":0,"126":0,"127":0,"128":0,"129":0,"130":0,"131":0,"132":0,"133":0,"134":0,"135":0,"136":0,"137":1,"138":0,"139":0,"140":0,"141":0,"142":0,"143":0,"144":0,"145":0,"146":0,"147":0,"148":0,"149":0,"150":0,"151":1,"152":0},"b":{"1":[0,0],"2":[0,0],"3":[0,0],"4":[0,0],"5":[0,0],"6":[0,0],"7":[0,0],"8":[0,0],"9":[0,0],"10":[0,0],"11":[0,0],"12":[0,0],"13":[0,0],"14":[0,0],"15":[0,0],"16":[0,0],"17":[0,0],"18":[0,0],"19":[0,0],"20":[0,0],"21":[0,0],"22":[0,0],"23":[0,0],"24":[0,0],"25":[0,0],"26":[0,0],"27":[0,0],"28":[0,0],"29":[0,0],"30":[0,0],"31":[0,0],"32":[0,0],"33":[0,0],"34":[0,0],"35":[0,0],"36":[0,0],"37":[0,0],"38":[0,0],"39":[0,0],"40":[0,0],"41":[0,0],"42":[0,0],"43":[0,0]},"f":{"1":4,"2":0,"3":0,"4":0,"5":0,"6":0,"7":0,"8":0,"9":0,"10":0,"11":0,"12":0,"13":0,"14":0,"15":0,"16":0,"17":0,"18":0,"19":0,"20":0,"21":0,"22":0,"23":0,"24":0,"25":0,"26":0,"27":0,"28":0,"29":0,"30":0,"31":0,"32":0,"33":0,"34":0,"35":0,"36":0,"37":0,"38":0,"39":0,"40":0,"41":0,"42":0,"43":0},"fnMap":{"1":{"name":"extend","line":8,"loc":{"start":{"line":8,"column":0},"end":{"line":8,"column":24}}},"2":{"name":"parseArguments","line":16,"loc":{"start":{"line":16,"column":0},"end":{"line":16,"column":32}}},"3":{"name":"(anonymous_3)","line":24,"loc":{"start":{"line":24,"column":10},"end":{"line":24,"column":28}}},"4":{"name":"Client","line":29,"loc":{"start":{"line":29,"column":0},"end":{"line":29,"column":28}}},"5":{"name":"(anonymous_5)","line":30,"loc":{"start":{"line":30,"column":43},"end":{"line":30,"column":60}}},"6":{"name":"(anonymous_6)","line":58,"loc":{"start":{"line":58,"column":18},"end":{"line":58,"column":36}}},"7":{"name":"(anonymous_7)","line":77,"loc":{"start":{"line":77,"column":7},"end":{"line":77,"column":26}}},"8":{"name":"(anonymous_8)","line":86,"loc":{"start":{"line":86,"column":37},"end":{"line":86,"column":61}}},"9":{"name":"(anonymous_9)","line":106,"loc":{"start":{"line":106,"column":20},"end":{"line":106,"column":31}}},"10":{"name":"(anonymous_10)","line":112,"loc":{"start":{"line":112,"column":14},"end":{"line":112,"column":29}}},"11":{"name":"(anonymous_11)","line":118,"loc":{"start":{"line":118,"column":10},"end":{"line":118,"column":37}}},"12":{"name":"(anonymous_12)","line":128,"loc":{"start":{"line":128,"column":52},"end":{"line":128,"column":76}}},"13":{"name":"(anonymous_13)","line":137,"loc":{"start":{"line":137,"column":11},"end":{"line":137,"column":42}}},"14":{"name":"(anonymous_14)","line":167,"loc":{"start":{"line":167,"column":57},"end":{"line":167,"column":82}}},"15":{"name":"(anonymous_15)","line":172,"loc":{"start":{"line":172,"column":23},"end":{"line":172,"column":40}}},"16":{"name":"(anonymous_16)","line":178,"loc":{"start":{"line":178,"column":10},"end":{"line":178,"column":31}}},"17":{"name":"(anonymous_17)","line":184,"loc":{"start":{"line":184,"column":11},"end":{"line":184,"column":36}}},"18":{"name":"(anonymous_18)","line":188,"loc":{"start":{"line":188,"column":13},"end":{"line":188,"column":32}}},"19":{"name":"(anonymous_19)","line":192,"loc":{"start":{"line":192,"column":14},"end":{"line":192,"column":43}}},"20":{"name":"(anonymous_20)","line":202,"loc":{"start":{"line":202,"column":58},"end":{"line":202,"column":86}}},"21":{"name":"(anonymous_21)","line":211,"loc":{"start":{"line":211,"column":15},"end":{"line":211,"column":46}}},"22":{"name":"(anonymous_22)","line":232,"loc":{"start":{"line":232,"column":61},"end":{"line":232,"column":90}}},"23":{"name":"(anonymous_23)","line":237,"loc":{"start":{"line":237,"column":36},"end":{"line":237,"column":57}}},"24":{"name":"(anonymous_24)","line":246,"loc":{"start":{"line":246,"column":14},"end":{"line":246,"column":35}}},"25":{"name":"(anonymous_25)","line":247,"loc":{"start":{"line":247,"column":50},"end":{"line":247,"column":78}}},"26":{"name":"(anonymous_26)","line":256,"loc":{"start":{"line":256,"column":16},"end":{"line":256,"column":31}}},"27":{"name":"(anonymous_27)","line":257,"loc":{"start":{"line":257,"column":46},"end":{"line":257,"column":76}}},"28":{"name":"(anonymous_28)","line":262,"loc":{"start":{"line":262,"column":28},"end":{"line":262,"column":49}}},"29":{"name":"(anonymous_29)","line":268,"loc":{"start":{"line":268,"column":10},"end":{"line":268,"column":39}}},"30":{"name":"(anonymous_30)","line":269,"loc":{"start":{"line":269,"column":54},"end":{"line":269,"column":78}}},"31":{"name":"(anonymous_31)","line":278,"loc":{"start":{"line":278,"column":11},"end":{"line":278,"column":44}}},"32":{"name":"(anonymous_32)","line":293,"loc":{"start":{"line":293,"column":59},"end":{"line":293,"column":84}}},"33":{"name":"(anonymous_33)","line":298,"loc":{"start":{"line":298,"column":23},"end":{"line":298,"column":40}}},"34":{"name":"(anonymous_34)","line":304,"loc":{"start":{"line":304,"column":10},"end":{"line":304,"column":31}}},"35":{"name":"(anonymous_35)","line":308,"loc":{"start":{"line":308,"column":11},"end":{"line":308,"column":36}}},"36":{"name":"(anonymous_36)","line":312,"loc":{"start":{"line":312,"column":13},"end":{"line":312,"column":42}}},"37":{"name":"(anonymous_37)","line":318,"loc":{"start":{"line":318,"column":15},"end":{"line":318,"column":34}}},"38":{"name":"(anonymous_38)","line":319,"loc":{"start":{"line":319,"column":49},"end":{"line":319,"column":74}}},"39":{"name":"(anonymous_39)","line":328,"loc":{"start":{"line":328,"column":18},"end":{"line":328,"column":41}}},"40":{"name":"(anonymous_40)","line":334,"loc":{"start":{"line":334,"column":56},"end":{"line":334,"column":81}}},"41":{"name":"(anonymous_41)","line":339,"loc":{"start":{"line":339,"column":23},"end":{"line":339,"column":40}}},"42":{"name":"(anonymous_42)","line":345,"loc":{"start":{"line":345,"column":13},"end":{"line":345,"column":34}}},"43":{"name":"(anonymous_43)","line":353,"loc":{"start":{"line":353,"column":15},"end":{"line":353,"column":36}}}},"statementMap":{"1":{"start":{"line":1,"column":0},"end":{"line":3,"column":34}},"2":{"start":{"line":8,"column":0},"end":{"line":14,"column":1}},"3":{"start":{"line":9,"column":1},"end":{"line":11,"column":2}},"4":{"start":{"line":10,"column":2},"end":{"line":10,"column":18}},"5":{"start":{"line":13,"column":1},"end":{"line":13,"column":10}},"6":{"start":{"line":16,"column":0},"end":{"line":27,"column":1}},"7":{"start":{"line":17,"column":1},"end":{"line":26,"column":5}},"8":{"start":{"line":25,"column":3},"end":{"line":25,"column":25}},"9":{"start":{"line":29,"column":0},"end":{"line":56,"column":1}},"10":{"start":{"line":30,"column":1},"end":{"line":34,"column":4}},"11":{"start":{"line":31,"column":2},"end":{"line":33,"column":3}},"12":{"start":{"line":32,"column":3},"end":{"line":32,"column":58}},"13":{"start":{"line":36,"column":1},"end":{"line":36,"column":49}},"14":{"start":{"line":37,"column":1},"end":{"line":52,"column":4}},"15":{"start":{"line":53,"column":1},"end":{"line":53,"column":36}},"16":{"start":{"line":54,"column":1},"end":{"line":54,"column":35}},"17":{"start":{"line":55,"column":1},"end":{"line":55,"column":35}},"18":{"start":{"line":58,"column":0},"end":{"line":74,"column":2}},"19":{"start":{"line":59,"column":1},"end":{"line":59,"column":22}},"20":{"start":{"line":62,"column":1},"end":{"line":64,"column":2}},"21":{"start":{"line":63,"column":2},"end":{"line":63,"column":28}},"22":{"start":{"line":65,"column":1},"end":{"line":65,"column":31}},"23":{"start":{"line":66,"column":1},"end":{"line":66,"column":41}},"24":{"start":{"line":68,"column":1},"end":{"line":73,"column":3}},"25":{"start":{"line":76,"column":0},"end":{"line":115,"column":3}},"26":{"start":{"line":78,"column":2},"end":{"line":79,"column":19}},"27":{"start":{"line":81,"column":2},"end":{"line":84,"column":3}},"28":{"start":{"line":82,"column":3},"end":{"line":82,"column":19}},"29":{"start":{"line":83,"column":3},"end":{"line":83,"column":13}},"30":{"start":{"line":86,"column":2},"end":{"line":103,"column":5}},"31":{"start":{"line":87,"column":3},"end":{"line":89,"column":4}},"32":{"start":{"line":88,"column":4},"end":{"line":88,"column":28}},"33":{"start":{"line":91,"column":3},"end":{"line":100,"column":4}},"34":{"start":{"line":92,"column":4},"end":{"line":92,"column":54}},"35":{"start":{"line":93,"column":10},"end":{"line":100,"column":4}},"36":{"start":{"line":94,"column":4},"end":{"line":94,"column":42}},"37":{"start":{"line":95,"column":4},"end":{"line":97,"column":5}},"38":{"start":{"line":96,"column":5},"end":{"line":96,"column":50}},"39":{"start":{"line":99,"column":4},"end":{"line":99,"column":60}},"40":{"start":{"line":102,"column":3},"end":{"line":102,"column":15}},"41":{"start":{"line":107,"column":2},"end":{"line":107,"column":40}},"42":{"start":{"line":108,"column":2},"end":{"line":108,"column":65}},"43":{"start":{"line":109,"column":2},"end":{"line":109,"column":32}},"44":{"start":{"line":113,"column":2},"end":{"line":113,"column":40}},"45":{"start":{"line":117,"column":0},"end":{"line":243,"column":3}},"46":{"start":{"line":119,"column":2},"end":{"line":122,"column":3}},"47":{"start":{"line":120,"column":3},"end":{"line":120,"column":15}},"48":{"start":{"line":121,"column":3},"end":{"line":121,"column":17}},"49":{"start":{"line":124,"column":2},"end":{"line":126,"column":3}},"50":{"start":{"line":125,"column":3},"end":{"line":125,"column":45}},"51":{"start":{"line":128,"column":2},"end":{"line":134,"column":5}},"52":{"start":{"line":129,"column":3},"end":{"line":131,"column":4}},"53":{"start":{"line":130,"column":4},"end":{"line":130,"column":23}},"54":{"start":{"line":133,"column":3},"end":{"line":133,"column":45}},"55":{"start":{"line":138,"column":2},"end":{"line":142,"column":3}},"56":{"start":{"line":139,"column":3},"end":{"line":139,"column":15}},"57":{"start":{"line":140,"column":3},"end":{"line":140,"column":17}},"58":{"start":{"line":141,"column":3},"end":{"line":141,"column":15}},"59":{"start":{"line":144,"column":2},"end":{"line":147,"column":3}},"60":{"start":{"line":145,"column":3},"end":{"line":145,"column":15}},"61":{"start":{"line":146,"column":3},"end":{"line":146,"column":17}},"62":{"start":{"line":149,"column":2},"end":{"line":152,"column":3}},"63":{"start":{"line":150,"column":3},"end":{"line":150,"column":34}},"64":{"start":{"line":151,"column":3},"end":{"line":151,"column":22}},"65":{"start":{"line":154,"column":2},"end":{"line":157,"column":3}},"66":{"start":{"line":155,"column":3},"end":{"line":155,"column":38}},"67":{"start":{"line":156,"column":3},"end":{"line":156,"column":24}},"68":{"start":{"line":159,"column":2},"end":{"line":161,"column":3}},"69":{"start":{"line":160,"column":3},"end":{"line":160,"column":70}},"70":{"start":{"line":163,"column":2},"end":{"line":165,"column":3}},"71":{"start":{"line":164,"column":3},"end":{"line":164,"column":45}},"72":{"start":{"line":167,"column":2},"end":{"line":175,"column":5}},"73":{"start":{"line":168,"column":3},"end":{"line":170,"column":4}},"74":{"start":{"line":169,"column":4},"end":{"line":169,"column":23}},"75":{"start":{"line":172,"column":3},"end":{"line":174,"column":7}},"76":{"start":{"line":173,"column":4},"end":{"line":173,"column":41}},"77":{"start":{"line":179,"column":2},"end":{"line":179,"column":74}},"78":{"start":{"line":185,"column":2},"end":{"line":185,"column":79}},"79":{"start":{"line":189,"column":2},"end":{"line":189,"column":52}},"80":{"start":{"line":193,"column":2},"end":{"line":196,"column":3}},"81":{"start":{"line":194,"column":3},"end":{"line":194,"column":15}},"82":{"start":{"line":195,"column":3},"end":{"line":195,"column":17}},"83":{"start":{"line":198,"column":2},"end":{"line":200,"column":3}},"84":{"start":{"line":199,"column":3},"end":{"line":199,"column":49}},"85":{"start":{"line":202,"column":2},"end":{"line":208,"column":5}},"86":{"start":{"line":203,"column":3},"end":{"line":205,"column":4}},"87":{"start":{"line":204,"column":4},"end":{"line":204,"column":23}},"88":{"start":{"line":207,"column":3},"end":{"line":207,"column":53}},"89":{"start":{"line":212,"column":2},"end":{"line":216,"column":3}},"90":{"start":{"line":213,"column":3},"end":{"line":213,"column":15}},"91":{"start":{"line":214,"column":3},"end":{"line":214,"column":17}},"92":{"start":{"line":215,"column":3},"end":{"line":215,"column":15}},"93":{"start":{"line":218,"column":2},"end":{"line":221,"column":3}},"94":{"start":{"line":219,"column":3},"end":{"line":219,"column":15}},"95":{"start":{"line":220,"column":3},"end":{"line":220,"column":17}},"96":{"start":{"line":223,"column":2},"end":{"line":226,"column":3}},"97":{"start":{"line":224,"column":3},"end":{"line":224,"column":19}},"98":{"start":{"line":225,"column":3},"end":{"line":225,"column":15}},"99":{"start":{"line":228,"column":2},"end":{"line":230,"column":3}},"100":{"start":{"line":229,"column":3},"end":{"line":229,"column":49}},"101":{"start":{"line":232,"column":2},"end":{"line":241,"column":5}},"102":{"start":{"line":233,"column":3},"end":{"line":235,"column":4}},"103":{"start":{"line":234,"column":4},"end":{"line":234,"column":23}},"104":{"start":{"line":237,"column":3},"end":{"line":239,"column":6}},"105":{"start":{"line":238,"column":4},"end":{"line":238,"column":79}},"106":{"start":{"line":240,"column":3},"end":{"line":240,"column":25}},"107":{"start":{"line":245,"column":0},"end":{"line":315,"column":3}},"108":{"start":{"line":247,"column":2},"end":{"line":253,"column":5}},"109":{"start":{"line":248,"column":3},"end":{"line":250,"column":4}},"110":{"start":{"line":249,"column":4},"end":{"line":249,"column":23}},"111":{"start":{"line":252,"column":3},"end":{"line":252,"column":53}},"112":{"start":{"line":257,"column":2},"end":{"line":265,"column":5}},"113":{"start":{"line":258,"column":3},"end":{"line":260,"column":4}},"114":{"start":{"line":259,"column":4},"end":{"line":259,"column":23}},"115":{"start":{"line":262,"column":3},"end":{"line":264,"column":7}},"116":{"start":{"line":263,"column":4},"end":{"line":263,"column":49}},"117":{"start":{"line":269,"column":2},"end":{"line":275,"column":5}},"118":{"start":{"line":270,"column":3},"end":{"line":272,"column":4}},"119":{"start":{"line":271,"column":4},"end":{"line":271,"column":23}},"120":{"start":{"line":274,"column":3},"end":{"line":274,"column":45}},"121":{"start":{"line":279,"column":2},"end":{"line":282,"column":3}},"122":{"start":{"line":280,"column":3},"end":{"line":280,"column":15}},"123":{"start":{"line":281,"column":3},"end":{"line":281,"column":15}},"124":{"start":{"line":284,"column":2},"end":{"line":287,"column":3}},"125":{"start":{"line":285,"column":3},"end":{"line":285,"column":40}},"126":{"start":{"line":286,"column":3},"end":{"line":286,"column":27}},"127":{"start":{"line":289,"column":2},"end":{"line":291,"column":3}},"128":{"start":{"line":290,"column":3},"end":{"line":290,"column":70}},"129":{"start":{"line":293,"column":2},"end":{"line":301,"column":5}},"130":{"start":{"line":294,"column":3},"end":{"line":296,"column":4}},"131":{"start":{"line":295,"column":4},"end":{"line":295,"column":23}},"132":{"start":{"line":298,"column":3},"end":{"line":300,"column":7}},"133":{"start":{"line":299,"column":4},"end":{"line":299,"column":41}},"134":{"start":{"line":305,"column":2},"end":{"line":305,"column":74}},"135":{"start":{"line":309,"column":2},"end":{"line":309,"column":79}},"136":{"start":{"line":313,"column":2},"end":{"line":313,"column":62}},"137":{"start":{"line":317,"column":0},"end":{"line":348,"column":3}},"138":{"start":{"line":319,"column":2},"end":{"line":325,"column":5}},"139":{"start":{"line":320,"column":3},"end":{"line":322,"column":4}},"140":{"start":{"line":321,"column":4},"end":{"line":321,"column":23}},"141":{"start":{"line":324,"column":3},"end":{"line":324,"column":47}},"142":{"start":{"line":329,"column":2},"end":{"line":332,"column":3}},"143":{"start":{"line":330,"column":3},"end":{"line":330,"column":15}},"144":{"start":{"line":331,"column":3},"end":{"line":331,"column":15}},"145":{"start":{"line":334,"column":2},"end":{"line":342,"column":5}},"146":{"start":{"line":335,"column":3},"end":{"line":337,"column":4}},"147":{"start":{"line":336,"column":4},"end":{"line":336,"column":23}},"148":{"start":{"line":339,"column":3},"end":{"line":341,"column":7}},"149":{"start":{"line":340,"column":4},"end":{"line":340,"column":42}},"150":{"start":{"line":346,"column":2},"end":{"line":346,"column":77}},"151":{"start":{"line":350,"column":0},"end":{"line":358,"column":2}},"152":{"start":{"line":354,"column":2},"end":{"line":354,"column":32}}},"branchMap":{"1":{"line":31,"type":"if","locations":[{"start":{"line":31,"column":2},"end":{"line":31,"column":2}},{"start":{"line":31,"column":2},"end":{"line":31,"column":2}}]},"2":{"line":37,"type":"cond-expr","locations":[{"start":{"line":37,"column":39},"end":{"line":37,"column":59}},{"start":{"line":37,"column":62},"end":{"line":37,"column":76}}]},"3":{"line":38,"type":"binary-expr","locations":[{"start":{"line":38,"column":8},"end":{"line":38,"column":21}},{"start":{"line":38,"column":25},"end":{"line":38,"column":39}}]},"4":{"line":41,"type":"cond-expr","locations":[{"start":{"line":41,"column":66},"end":{"line":41,"column":93}},{"start":{"line":41,"column":96},"end":{"line":41,"column":100}}]},"5":{"line":48,"type":"cond-expr","locations":[{"start":{"line":48,"column":36},"end":{"line":48,"column":40}},{"start":{"line":48,"column":43},"end":{"line":51,"column":3}}]},"6":{"line":53,"type":"binary-expr","locations":[{"start":{"line":53,"column":15},"end":{"line":53,"column":30}},{"start":{"line":53,"column":34},"end":{"line":53,"column":35}}]},"7":{"line":62,"type":"if","locations":[{"start":{"line":62,"column":1},"end":{"line":62,"column":1}},{"start":{"line":62,"column":1},"end":{"line":62,"column":1}}]},"8":{"line":70,"type":"binary-expr","locations":[{"start":{"line":70,"column":8},"end":{"line":70,"column":21}},{"start":{"line":70,"column":26},"end":{"line":70,"column":43}}]},"9":{"line":70,"type":"cond-expr","locations":[{"start":{"line":70,"column":35},"end":{"line":70,"column":38}},{"start":{"line":70,"column":41},"end":{"line":70,"column":43}}]},"10":{"line":81,"type":"if","locations":[{"start":{"line":81,"column":2},"end":{"line":81,"column":2}},{"start":{"line":81,"column":2},"end":{"line":81,"column":2}}]},"11":{"line":87,"type":"if","locations":[{"start":{"line":87,"column":3},"end":{"line":87,"column":3}},{"start":{"line":87,"column":3},"end":{"line":87,"column":3}}]},"12":{"line":91,"type":"if","locations":[{"start":{"line":91,"column":3},"end":{"line":91,"column":3}},{"start":{"line":91,"column":3},"end":{"line":91,"column":3}}]},"13":{"line":91,"type":"binary-expr","locations":[{"start":{"line":91,"column":8},"end":{"line":91,"column":34}},{"start":{"line":91,"column":38},"end":{"line":91,"column":69}}]},"14":{"line":93,"type":"if","locations":[{"start":{"line":93,"column":10},"end":{"line":93,"column":10}},{"start":{"line":93,"column":10},"end":{"line":93,"column":10}}]},"15":{"line":95,"type":"if","locations":[{"start":{"line":95,"column":4},"end":{"line":95,"column":4}},{"start":{"line":95,"column":4},"end":{"line":95,"column":4}}]},"16":{"line":119,"type":"if","locations":[{"start":{"line":119,"column":2},"end":{"line":119,"column":2}},{"start":{"line":119,"column":2},"end":{"line":119,"column":2}}]},"17":{"line":124,"type":"if","locations":[{"start":{"line":124,"column":2},"end":{"line":124,"column":2}},{"start":{"line":124,"column":2},"end":{"line":124,"column":2}}]},"18":{"line":129,"type":"if","locations":[{"start":{"line":129,"column":3},"end":{"line":129,"column":3}},{"start":{"line":129,"column":3},"end":{"line":129,"column":3}}]},"19":{"line":138,"type":"if","locations":[{"start":{"line":138,"column":2},"end":{"line":138,"column":2}},{"start":{"line":138,"column":2},"end":{"line":138,"column":2}}]},"20":{"line":144,"type":"if","locations":[{"start":{"line":144,"column":2},"end":{"line":144,"column":2}},{"start":{"line":144,"column":2},"end":{"line":144,"column":2}}]},"21":{"line":149,"type":"if","locations":[{"start":{"line":149,"column":2},"end":{"line":149,"column":2}},{"start":{"line":149,"column":2},"end":{"line":149,"column":2}}]},"22":{"line":154,"type":"if","locations":[{"start":{"line":154,"column":2},"end":{"line":154,"column":2}},{"start":{"line":154,"column":2},"end":{"line":154,"column":2}}]},"23":{"line":159,"type":"if","locations":[{"start":{"line":159,"column":2},"end":{"line":159,"column":2}},{"start":{"line":159,"column":2},"end":{"line":159,"column":2}}]},"24":{"line":163,"type":"if","locations":[{"start":{"line":163,"column":2},"end":{"line":163,"column":2}},{"start":{"line":163,"column":2},"end":{"line":163,"column":2}}]},"25":{"line":168,"type":"if","locations":[{"start":{"line":168,"column":3},"end":{"line":168,"column":3}},{"start":{"line":168,"column":3},"end":{"line":168,"column":3}}]},"26":{"line":193,"type":"if","locations":[{"start":{"line":193,"column":2},"end":{"line":193,"column":2}},{"start":{"line":193,"column":2},"end":{"line":193,"column":2}}]},"27":{"line":198,"type":"if","locations":[{"start":{"line":198,"column":2},"end":{"line":198,"column":2}},{"start":{"line":198,"column":2},"end":{"line":198,"column":2}}]},"28":{"line":203,"type":"if","locations":[{"start":{"line":203,"column":3},"end":{"line":203,"column":3}},{"start":{"line":203,"column":3},"end":{"line":203,"column":3}}]},"29":{"line":212,"type":"if","locations":[{"start":{"line":212,"column":2},"end":{"line":212,"column":2}},{"start":{"line":212,"column":2},"end":{"line":212,"column":2}}]},"30":{"line":218,"type":"if","locations":[{"start":{"line":218,"column":2},"end":{"line":218,"column":2}},{"start":{"line":218,"column":2},"end":{"line":218,"column":2}}]},"31":{"line":223,"type":"if","locations":[{"start":{"line":223,"column":2},"end":{"line":223,"column":2}},{"start":{"line":223,"column":2},"end":{"line":223,"column":2}}]},"32":{"line":228,"type":"if","locations":[{"start":{"line":228,"column":2},"end":{"line":228,"column":2}},{"start":{"line":228,"column":2},"end":{"line":228,"column":2}}]},"33":{"line":233,"type":"if","locations":[{"start":{"line":233,"column":3},"end":{"line":233,"column":3}},{"start":{"line":233,"column":3},"end":{"line":233,"column":3}}]},"34":{"line":248,"type":"if","locations":[{"start":{"line":248,"column":3},"end":{"line":248,"column":3}},{"start":{"line":248,"column":3},"end":{"line":248,"column":3}}]},"35":{"line":258,"type":"if","locations":[{"start":{"line":258,"column":3},"end":{"line":258,"column":3}},{"start":{"line":258,"column":3},"end":{"line":258,"column":3}}]},"36":{"line":270,"type":"if","locations":[{"start":{"line":270,"column":3},"end":{"line":270,"column":3}},{"start":{"line":270,"column":3},"end":{"line":270,"column":3}}]},"37":{"line":279,"type":"if","locations":[{"start":{"line":279,"column":2},"end":{"line":279,"column":2}},{"start":{"line":279,"column":2},"end":{"line":279,"column":2}}]},"38":{"line":284,"type":"if","locations":[{"start":{"line":284,"column":2},"end":{"line":284,"column":2}},{"start":{"line":284,"column":2},"end":{"line":284,"column":2}}]},"39":{"line":289,"type":"if","locations":[{"start":{"line":289,"column":2},"end":{"line":289,"column":2}},{"start":{"line":289,"column":2},"end":{"line":289,"column":2}}]},"40":{"line":294,"type":"if","locations":[{"start":{"line":294,"column":3},"end":{"line":294,"column":3}},{"start":{"line":294,"column":3},"end":{"line":294,"column":3}}]},"41":{"line":320,"type":"if","locations":[{"start":{"line":320,"column":3},"end":{"line":320,"column":3}},{"start":{"line":320,"column":3},"end":{"line":320,"column":3}}]},"42":{"line":329,"type":"if","locations":[{"start":{"line":329,"column":2},"end":{"line":329,"column":2}},{"start":{"line":329,"column":2},"end":{"line":329,"column":2}}]},"43":{"line":335,"type":"if","locations":[{"start":{"line":335,"column":3},"end":{"line":335,"column":3}},{"start":{"line":335,"column":3},"end":{"line":335,"column":3}}]}},"code":["var url = require( \"url\" ),","\txmlrpc = require( \"xmlrpc\" ),","\tfieldMap = require( \"./fields\" );","","// http://codex.wordpress.org/XML-RPC_Support","// http://codex.wordpress.org/XML-RPC_WordPress_API","","function extend( a, b ) {","\tfor ( var p in b ) {","\t\ta[ p ] = b[ p ];","\t}","","\treturn a;","}","","function parseArguments( args ) {","\treturn [].slice.call( args, 1 )","","\t\t// Remove null arguments","\t\t// Null values only exist for optional fields. As of WordPress 4.4,","\t\t// null is no longer treated the same as omitting the value. To","\t\t// compensate for this, we just drop the argument before calling","\t\t// into WordPress. See #25.","\t\t.filter(function( value ) {","\t\t\treturn value !== null;","\t\t});","}","","function Client( settings ) {","\t[ \"url\", \"username\", \"password\" ].forEach(function( prop ) {","\t\tif ( !settings.hasOwnProperty( prop ) ) {","\t\t\tthrow new Error( \"Missing required setting: \" + prop );","\t\t}","\t});","","\tvar parsedUrl = Client.parseUrl( settings.url );","\tthis.rpc = xmlrpc[ parsedUrl.secure ? \"createSecureClient\" : \"createClient\" ]({","\t\thost: settings.host || parsedUrl.host,","\t\tport: parsedUrl.port,","\t\tpath: parsedUrl.path,","\t\trejectUnauthorized: settings.rejectUnauthorized !== undefined ? settings.rejectUnauthorized : true,","","\t\t// Always set Host header in case we're pointing to a different server","\t\t// via settings.host","\t\theaders: {","\t\t\tHost: parsedUrl.host","\t\t},","\t\tbasic_auth: !settings.basicAuth ? null : {","\t\t\tuser: settings.basicAuth.username,","\t\t\tpass: settings.basicAuth.password","\t\t}","\t});","\tthis.blogId = settings.blogId || 0;","\tthis.username = settings.username;","\tthis.password = settings.password;","}","","Client.parseUrl = function( wpUrl ) {","\tvar urlParts, secure;","","\t// allow URLs without a protocol","\tif ( !(/\\w+:\\/\\//.test( wpUrl ) ) ) {","\t\twpUrl = \"http://\" + wpUrl;","\t}","\turlParts = url.parse( wpUrl );","\tsecure = urlParts.protocol === \"https:\";","","\treturn {","\t\thost: urlParts.hostname,","\t\tport: urlParts.port || (secure ? 443 : 80),","\t\tpath: urlParts.path.replace( /\\/+$/, \"\" ) + \"/xmlrpc.php\",","\t\tsecure: secure","\t};","};","","extend( Client.prototype, {","\tcall: function( method ) {","\t\tvar args = parseArguments( arguments ),","\t\t\tfn = args.pop();","","\t\tif ( typeof fn !== \"function\" ) {","\t\t\targs.push( fn );","\t\t\tfn = null;","\t\t}","","\t\tthis.rpc.methodCall( method, args, function( error, data ) {","\t\t\tif ( !error ) {","\t\t\t\treturn fn( null, data );","\t\t\t}","","\t\t\tif ( error.code === \"ENOTFOUND\" && error.syscall === \"getaddrinfo\" ) {","\t\t\t\terror.message = \"Unable to connect to WordPress.\";","\t\t\t} else if ( error.message === \"Unknown XML-RPC tag 'TITLE'\" ) {","\t\t\t\tvar additional = error.res.statusCode;","\t\t\t\tif (error.res.statusMessage) {","\t\t\t\t\tadditional += \"; \" + error.res.statusMessage;","\t\t\t\t}","","\t\t\t\terror.message = \"(\" + additional + \") \" + error.message;","\t\t\t}","","\t\t\tfn( error );","\t\t});","\t},","","\tauthenticatedCall: function() {","\t\tvar args = [].slice.call( arguments );","\t\targs.splice( 1, 0, this.blogId, this.username, this.password );","\t\tthis.call.apply( this, args );","\t},","","\tlistMethods: function( fn ) {","\t\tthis.call( \"system.listMethods\", fn );","\t}","});","","extend( Client.prototype, {","\tgetPost: function( id, fields, fn ) {","\t\tif ( typeof fields === \"function\" ) {","\t\t\tfn = fields;","\t\t\tfields = null;","\t\t}","","\t\tif ( fields ) {","\t\t\tfields = fieldMap.array( fields, \"post\" );","\t\t}","","\t\tthis.authenticatedCall( \"wp.getPost\", id, fields, function( error, post ) {","\t\t\tif ( error ) {","\t\t\t\treturn fn( error );","\t\t\t}","","\t\t\tfn( null, fieldMap.from( post, \"post\" ) );","\t\t});","\t},","","\tgetPosts: function( filter, fields, fn ) {","\t\tif ( typeof filter === \"function\" ) {","\t\t\tfn = filter;","\t\t\tfields = null;","\t\t\tfilter = {};","\t\t}","","\t\tif ( typeof fields === \"function\" ) {","\t\t\tfn = fields;","\t\t\tfields = null;","\t\t}","","\t\tif ( filter.type ) {","\t\t\tfilter.post_type = filter.type;","\t\t\tdelete filter.type;","\t\t}","","\t\tif ( filter.status ) {","\t\t\tfilter.post_status = filter.status;","\t\t\tdelete filter.status;","\t\t}","","\t\tif ( filter.orderby ) {","\t\t\tfilter.orderby = fieldMap.array( [ filter.orderby ], \"post\" )[ 0 ];","\t\t}","","\t\tif ( fields ) {","\t\t\tfields = fieldMap.array( fields, \"post\" );","\t\t}","","\t\tthis.authenticatedCall( \"wp.getPosts\", filter, fields, function( error, posts ) {","\t\t\tif ( error ) {","\t\t\t\treturn fn( error );","\t\t\t}","","\t\t\tfn( null, posts.map(function( post ) {","\t\t\t\treturn fieldMap.from( post, \"post\" );","\t\t\t}));","\t\t});","\t},","","\tnewPost: function( data, fn ) {","\t\tthis.authenticatedCall( \"wp.newPost\", fieldMap.to( data, \"post\" ), fn );","\t},","","\t// to rem
[...]
 ( error ) {","\t\t\t\treturn fn( error );","\t\t\t}","","\t\t\tfn( null, taxonomies.map(function( taxonomy ) {","\t\t\t\treturn fieldMap.from( taxonomy, \"taxonomy\" );","\t\t\t}));","\t\t});","\t},","","\tgetTerm: function( taxonomy, id, fn ) {","\t\tthis.authenticatedCall( \"wp.getTerm\", taxonomy, id, function( error, term ) {","\t\t\tif ( error ) {","\t\t\t\treturn fn( error );","\t\t\t}","","\t\t\tfn( null, fieldMap.from( term, \"term\" ) );","\t\t});","\t},","","\tgetTerms: function( taxonomy, filter, fn ) {","\t\tif ( typeof filter === \"function\" ) {","\t\t\tfn = filter;","\t\t\tfilter = {};","\t\t}","","\t\tif ( filter.hideEmpty ) {","\t\t\tfilter.hide_empty = filter.hideEmpty;","\t\t\tdelete filter.hideEmpty;","\t\t}","","\t\tif ( filter.orderby ) {","\t\t\tfilter.orderby = fieldMap.array( [ filter.orderby ], \"term\" )[ 0 ];","\t\t}","","\t\tthis.authenticatedCall( \"wp.getTerms\", taxonomy, filter, function( error, terms ) {","\t\t\tif ( error ) {","\t\t\t\treturn fn( error );","\t\t\t}","","\t\t\tfn( null, terms.map(function( term ) {","\t\t\t\treturn fieldMap.from( term, \"term\" );","\t\t\t}));","\t\t});","\t},","","\tnewTerm: function( data, fn ) {","\t\tthis.authenticatedCall( \"wp.newTerm\", fieldMap.to( data, \"term\" ), fn );","\t},","","\teditTerm: function( id, data, fn ) {","\t\tthis.authenticatedCall( \"wp.editTerm\", id, fieldMap.to( data, \"term\" ), fn );","\t},","","\tdeleteTerm: function( taxonomy, id, fn ) {","\t\tthis.authenticatedCall( \"wp.deleteTerm\", taxonomy, id, fn );","\t}","});","","extend( Client.prototype, {","\tgetMediaItem: function( id, fn ) {","\t\tthis.authenticatedCall( \"wp.getMediaItem\", id, function( error, media ) {","\t\t\tif ( error ) {","\t\t\t\treturn fn( error );","\t\t\t}","","\t\t\tfn( null, fieldMap.from( media, \"media\" ) );","\t\t});","\t},","","\tgetMediaLibrary: function( filter, fn ) {","\t\tif ( typeof filter === \"function\" ) {","\t\t\tfn = filter;","\t\t\tfilter = {};","\t\t}","","\t\tthis.authenticatedCall( \"wp.getMediaLibrary\", filter, function( error, media ) {","\t\t\tif ( error ) {","\t\t\t\treturn fn( error );","\t\t\t}","","\t\t\tfn( null, media.map(function( item ) {","\t\t\t\treturn fieldMap.from( item, \"media\" );","\t\t\t}));","\t\t});","\t},","","\tuploadFile: function( data, fn ) {","\t\tthis.authenticatedCall( \"wp.uploadFile\", fieldMap.to( data, \"file\" ), fn );","\t}","});","","module.exports = {","\tClient: Client,","","\tcreateClient: function( settings ) {","\t\treturn new Client( settings );","\t},","","\tfieldMap: fieldMap","};",""],"l":{"1":1,"8":1,"9":4,"10":20,"13":4,"16":1,"17":0,"25":0,"29":1,"30":0,"31":0,"32":0,"36":0,"37":0,"53":0,"54":0,"55":0,"58":1,"59":0,"62":0,"63":0,"65":0,"66":0,"68":0,"76":1,"78":0,"81":0,"82":0,"83":0,"86":0,"87":0,"88":0,"91":0,"92":0,"93":0,"94":0,"95":0,"96":0,"99":0,"102":0,"107":0,"108":0,"109":0,"113":0,"117":1,"119":0,"120":0,"121":0,"124":0,"125":0,"128":0,"129":0,"130":0,"133":0,"138":0,"139":0,"140":0,"141":0,"144":0,"145":0,"146":0,"149":0,"150":0,"151":0,"154":0,"155":0,"156":0,"159":0,"160":0,"163":0,"164":0,"167":0,"168":0,"169":0,"172":0,"173":0,"179":0,"185":0,"189":0,"193":0,"194":0,"195":0,"198":0,"199":0,"202":0,"203":0,"204":0,"207":0,"212":0,"213":0,"214":0,"215":0,"218":0,"219":0,"220":0,"223":0,"224":0,"225":0,"228":0,"229":0,"232":0,"233":0,"234":0,"237":0,"238":0,"240":0,"245":1,"247":0,"248":0,"249":0,"252":0,"257":0,"258":0,"259":0,"262":0,"263":0,"269":0,"270":0,"271":0,"274":0,"279":0,"280":0,"281":0,"284":0,"285":0,"286":0,"289":0,"290":0,"293":0,"294":0,"295":0,"298":0,"299":0,"305":0,"309":0,"313":0,"317":1,"319":0,"320":0,"321":0,"324":0,"329":0,"330":0,"331":0,"334":0,"335":0,"336":0,"339":0,"340":0,"346":0,"350":1,"354":0}},"/home/travis/build/npmtest/node-npmtest-wordpress/node_modules/wordpress/lib/fields.js":{"path":"/home/travis/build/npmtest/node-npmtest-wordpress/node_modules/wordpress/lib/fields.js","s":{"1":1,"2":1,"3":36,"4":145,"5":36,"6":1,"7":12,"8":12,"9":135,"10":12,"11":1,"12":0,"13":0,"14":0,"15":0,"16":0,"17":0,"18":0,"19":0,"20":0,"21":0,"22":1,"23":1,"24":0,"25":0,"26":1,"27":0,"28":0,"29":1,"30":1,"31":0,"32":0,"33":1,"34":1,"35":1,"36":1,"37":0,"38":0,"39":1,"40":0,"41":0,"42":0,"43":0,"44":0,"45":1,"46":1,"47":1,"48":0,"49":0,"50":0,"51":0,"52":0},"b":{"1":[0,0],"2":[0,0]},"f":{"1":36,"2":12,"3":135,"4":0,"5":0,"6":0,"7":0,"8":0,"9":0,"10":0,"11":0,"12":0,"13":0,"14":0,"15":0,"16":0,"17":0,"18":0,"19":0},"fnMap":{"1":{"name":"extend","line":3,"loc":{"start":{"line":3,"column":0},"end":{"line":3,"column":24}}},"2":{"name":"createFieldMaps","line":11,"loc":{"start":{"line":11,"column":0},"end":{"line":11,"column":52}}},"3":{"name":"(anonymous_3)","line":15,"loc":{"start":{"line":15,"column":32},"end":{"line":15,"column":48}}},"4":{"name":"mapFields","line":26,"loc":{"start":{"line":26,"column":0},"end":{"line":26,"column":32}}},"5":{"name":"(anonymous_5)","line":94,"loc":{"start":{"line":94,"column":31},"end":{"line":94,"column":48}}},"6":{"name":"(anonymous_6)","line":99,"loc":{"start":{"line":99,"column":35},"end":{"line":99,"column":52}}},"7":{"name":"(anonymous_7)","line":132,"loc":{"start":{"line":132,"column":6},"end":{"line":132,"column":22}}},"8":{"name":"(anonymous_8)","line":135,"loc":{"start":{"line":135,"column":9},"end":{"line":135,"column":28}}},"9":{"name":"(anonymous_9)","line":171,"loc":{"start":{"line":171,"column":6},"end":{"line":171,"column":22}}},"10":{"name":"(anonymous_10)","line":174,"loc":{"start":{"line":174,"column":9},"end":{"line":174,"column":28}}},"11":{"name":"(anonymous_11)","line":215,"loc":{"start":{"line":215,"column":34},"end":{"line":215,"column":51}}},"12":{"name":"(anonymous_12)","line":221,"loc":{"start":{"line":221,"column":24},"end":{"line":221,"column":41}}},"13":{"name":"(anonymous_13)","line":234,"loc":{"start":{"line":234,"column":21},"end":{"line":234,"column":38}}},"14":{"name":"(anonymous_14)","line":239,"loc":{"start":{"line":239,"column":15},"end":{"line":239,"column":34}}},"15":{"name":"(anonymous_15)","line":248,"loc":{"start":{"line":248,"column":26},"end":{"line":248,"column":43}}},"16":{"name":"(anonymous_16)","line":278,"loc":{"start":{"line":278,"column":5},"end":{"line":278,"column":28}}},"17":{"name":"(anonymous_17)","line":281,"loc":{"start":{"line":281,"column":7},"end":{"line":281,"column":30}}},"18":{"name":"(anonymous_18)","line":284,"loc":{"start":{"line":284,"column":8},"end":{"line":284,"column":31}}},"19":{"name":"(anonymous_19)","line":286,"loc":{"start":{"line":286,"column":18},"end":{"line":286,"column":36}}}},"statementMap":{"1":{"start":{"line":1,"column":0},"end":{"line":1,"column":14}},"2":{"start":{"line":3,"column":0},"end":{"line":9,"column":1}},"3":{"start":{"line":4,"column":1},"end":{"line":6,"column":2}},"4":{"start":{"line":5,"column":2},"end":{"line":5,"column":18}},"5":{"start":{"line":8,"column":1},"end":{"line":8,"column":10}},"6":{"start":{"line":11,"column":0},"end":{"line":24,"column":1}},"7":{"start":{"line":12,"column":1},"end":{"line":13,"column":12}},"8":{"start":{"line":15,"column":1},"end":{"line":17,"column":4}},"9":{"start":{"line":16,"column":2},"end":{"line":16,"column":31}},"10":{"start":{"line":19,"column":1},"end":{"line":23,"column":3}},"11":{"start":{"line":26,"column":0},"end":{"line":47,"column":1}},"12":{"start":{"line":27,"column":1},"end":{"line":28,"column":11}},"13":{"start":{"line":30,"column":1},"end":{"line":44,"column":2}},"14":{"start":{"line":31,"column":2},"end":{"line":31,"column":24}},"15":{"start":{"line":32,"column":2},"end":{"line":32,"column":29}},"16":{"start":{"line":35,"column":2},"end":{"line":43,"column":3}},"17":{"start":{"line":36,"column":3},"end":{"line":36,"column":12}},"18":{"start":{"line":38,"column":9},"end":{"line":43,"column":3}},"19":{"start":{"line":39,"column":3},"end":{"line":39,"column":30}},"20":{"start":{"line":42,"column":3},"end":{"line":42,"column":39}},"21":{"start":{"line":46,"column":1},"end":{"line":46,"column":12}},"22":{"start":{"line":49,"column":0},"end":{"line":67,"column":3}},"23":{"start":{"line":69,"column":0},"end":{"line":104,"column":3}},"24":{"start":{"line":95,"column":2},"end":{"line":97,"column":4}},"25":{"start":{"line":100,"column":2},"end":{"line":102,"column":4}},"26":{"start":{"line":106,"column":0},"end":{"line":138,"column":3}},"27":{"start":{"line":133,"column":2},"end":{"line":133,"column":58}},"28":{"start":{"line":136,"column":2},"end":{"line":136,"column":59}},"29":{"start":{"line":140,"column":0},"end":{"line":155,"column":3}},"30":{"start":{"line":157,"column":0},"end":{"line":177,"column":3}},"31":{"start":{"line":172,"column":2},"end":{"line":172,"column":58}},"32":{"start":{"line":175,"column":2},"end":{"line":175,"column":59}},"33":{"start":{"line":179,"column":0},"end":{"line":184,"column":3}},"34":{"start":{"line":186,"column":0},"end":{"line":195,"column":3}},"35":{"start":{"line":197,"column":0},"end":{"line":203,"column":3}},"36":{"start":{"line":205,"column":0},"end":{"line":226,"column":3}},"37":{"start":{"line":216,"column":2},"end":{"line":218,"column":4}},"38":{"start":{"line":222,"column":2},"end":{"line":224,"column":4}},"39":{"start":{"line":228,"column":0},"end":{"line":253,"column":3}},"40":{"start":{"line":235,"column":2},"end":{"line":236,"column":19}},"41":{"start":{"line":239,"column":2},"end":{"line":241,"column":5}},"42":{"start":{"line":240,"column":3},"end":{"line":240,"column":82}},"43":{"start":{"line":243,"column":2},"end":{"line":245,"column":4}},"44":{"start":{"line":249,"column":2},"end":{"line":251,"column":4}},"45":{"start":{"line":255,"column":0},"end":{"line":260,"column":3}},"46":{"start":{"line":262,"column":0},"end":{"line":275,"column":3}},"47":{"start":{"line":277,"column":0},"end":{"line":290,"column":2}},"48":{"start":{"line":279,"column":2},"end":{"line":279,"column":44}},"49":{"start":{"line":282,"column":2},"end":{"line":282,"column":46}},"50":{"start":{"line":285,"column":2},"end":{"line":285,"column":33}},"51":{"start":{"line":286,"column":2},"end":{"line":288,"column":5}},"52":{"start":{"line":287,"column":3},"end":{"line":287,"column":23}}},"branchMap":{"1":{"line":35,"type":"if","locations":[{"start":{"line":35,"column":2},"end":{"line":35,"column":2}},{"start":{"line":35,"column":2},"end":{"line":35,"column":2}}]},"2":{"line":38,"type":"if","locations":[{"start":{"line":38,"column":9},"end":{"line":38,"column":9}},{"start":{"line":38,"column":9},"end":{"line":38,"column":9}}]}},"code":["var maps = {};","","function extend( a, b ) {","\tfor ( var p in b ) {","\t\ta[ p ] = b[ p ];","\t}","","\treturn a;","}","","function createFieldMaps( renames, toFns, fromFns ) {","\tvar to = extend( {}, renames ),","\t\tfrom = {};","","\tObject.keys( renames ).forEach(function( key ) {","\t\tfrom[ renames[ key ] ] = key;","\t});","","\treturn {","\t\trenames: renames,","\t\tto: extend( to, toFns ),","\t\tfrom: extend( from, fromFns )","\t};","}","","function mapFields( data, map ) {","\tvar field, value, mappedField,","\t\tret = {};","","\tfor ( field in data ) {","\t\tvalue = data[ field ];","\t\tmappedField = map[ field ];","","\t\t// no map -> delete","\t\tif ( !mappedField ) {","\t\t\tcontinue;","\t\t// string -> change field name","\t\t} else if ( typeof mappedField === \"string\" ) {","\t\t\tret[ mappedField ] = value;","\t\t// function -> merge result","\t\t} else {","\t\t\textend( ret, mappedField( value ) );","\t\t}","\t}","","\treturn ret;","}","","maps.labels = createFieldMaps({","\taddNewItem: \"add_new_item\",","\taddOrRemoveItems: \"add_or_remove_items\",","\tallItems: \"all_items\",","\tchooseFromMostUsed: \"choose_from_most_used\",","\teditItem: \"edit_item\",","\tmenuName: \"menu_name\",","\tname: \"name\",","\tnameAdminBar: \"name_admin_bar\",","\tnewItemName: \"new_item_name\",","\tparentItem: \"parent_item\",","\tparentItemColon: \"parent_item_colon\",","\tpopularItems: \"popular_items\",","\tsearchItems: \"search_items\",","\tseparateItemsWithCommas: \"separate_items_with_commas\",","\tsingularName: \"singular_name\",","\tupdateItem: \"update_item\",","\tviewItem: \"view_item\"","});","","maps.post = createFieldMaps({","\tauthor: /* int */ \"post_author\",","\tcommentStatus: /* string */ \"comment_status\",","\tcontent: /* string */ \"post_content\",","\tcustomFields: /* array */ \"custom_fields\",","\tdate: /* datetime */ \"post_date\",","\texcerpt: /* string */ \"post_excerpt\",","\tformat: /* string */\"post_format\",","\tid: /* string */ \"post_id\", /* readonly */","\tlink: /* string */ \"link\" /* readonly */,","\tmodified: /* datetime */ \"post_modified\",","\tmenuOrder: /* int */ \"menu_order\",","\tname: /* string */ \"post_name\",","\tpageTemplate: /* string */ \"page_template\",","\tparent: /* int */ \"post_parent\",","\tpassword: /* string */ \"post_password\",","\tpingStatus: /* string */ \"ping_status\",","\tstatus: /* string */ \"post_status\",","\tsticky: /* bool */ \"sticky\",","\tterms: /* struct */ \"terms\" /* array */,","\ttermNames: /* struct */ \"terms_names\",","\tthumbnail: /* int */ \"post_thumbnail\",","\ttitle: /* string */ \"post_title\",","\ttype: /* string */ \"post_type\"","}, {}, {","\tpost_date_gmt: /* datetime */ function( date ) {","\t\treturn {","\t\t\tdate: new Date( date )","\t\t};","\t},","\tpost_modified_gmt: /* datetime */ function( date ) {","\t\treturn {","\t\t\tmodified: new Date( date )","\t\t};","\t}","});","","maps.postType = createFieldMaps({","\t_builtin: /* bool */ \"_builtin\",","\tcap: /* struct */ \"cap\",","\tcapabilityType: /* string */ \"capability_type\",","\tdescription: /* string */ \"description\",","\t_editLink: /* string */ \"_edit_link\",","\texcludeFromSearch: /* bool */ \"exclude_from_search\",","\thasArchive: /* bool */ \"has_archive\",","\thierarchical: /* bool */ \"hierarchical\",","\tlabel: /* string */ \"label\",","\tlabels: /* struct */ \"labels\",","\tmapMetaCap: /* bool */ \"map_meta_cap\",","\tmenuIcon: /* string */ \"menu_icon\",","\tmenuPosition: /* int */ \"menu_position\",","\tname: /* string */ \"name\",","\t\"public\": /* bool */ \"public\",","\tpubliclyQuerably: /* bool */ \"publicly_queryable\",","\tqueryVar: /* mixed */ \"query_var\",","\trewrite: /* mixed */ \"rewrite\",","\tshowInAdminBar: /* bool */ \"show_in_admin_bar\",","\tshowInMenu: /* bool */ \"show_in_menu\",","\tshowInNavMenus: /* bool */ \"show_in_nav_menus\",","\tshowUi: /* bool */ \"show_ui\",","\tsupports: /* array */ \"supports\",","\ttaxonomies: /* array */ \"taxonomies\"","}, {}, {","\tcap: function( cap ) {","\t\treturn { cap: mapFields( cap, maps.postTypeCap.from ) };","\t},","\tlabels: function( labels ) {","\t\treturn { labels: mapFields( labels, maps.labels.from ) };","\t}","});","","maps.postTypeCap = createFieldMaps({","\tdeleteOthersPosts: /* string */ \"delete_others_posts\",","\tdeletePost: /* string */ \"delete_post\",","\tdeletePosts: /* string */ \"delete_posts\",","\tdeletePrivatePosts: /* string */ \"delete_private_posts\",","\tdeletePublishedPosts: /* string */ \"delete_published_posts\",","\teditOthersPosts: /* string */ \"edit_others_posts\",","\teditPost: /* string */ \"edit_post\",","\teditPosts: /* string */ \"edit_posts\",","\teditPrivatePosts: /* string */ \"edit_private_posts\",","\teditPublishedPosts: /* string */ \"edit_published_posts\",","\tpublishPosts: /* string */ \"publish_posts\",","\tread: /* string */ \"read\",","\treadPost: /* sring */ \"read_post\",","\treadPrivatePosts: /* string */ \"read_private_posts\"","});","","maps.taxonomy = createFieldMaps({","\tcap: /* struct */ \"cap\",","\thierarchical: /* bool */ \"hierarchical\",","\tname: /* string */ \"name\",","\tlabel: /* string */ \"label\",","\tlabels: /* struct */ \"labels\",","\tobjectType: /* array */ \"object_type\",","\t\"public\": /* bool */ \"public\",","\tqueryVar: /* string */ \"query_var\",","\trewrite: /* struct */ \"rewrite\",","\tshowInNavMenus: /* bool */ \"show_in_nav_menus\",","\tshowTagCloud: /* bool */ \"show_tagcloud\",","\tshowUi: /* bool */ \"show_ui\"","}, {}, {","\tcap: function( cap ) {","\t\treturn { cap: mapFields( cap, maps.taxonomyCap.from ) };","\t},","\tlabels: function( labels ) {","\t\treturn { labels: mapFields( labels, maps.labels.from ) };","\t}","});","","maps.taxonomyCap = createFieldMaps({","\tassignTerms: /* string */ \"assign_terms\",","\tdeleteTerms: /* string */ \"delete_terms\",","\teditTerms: /* string */ \"edit_terms\",","\tmanageTerms: /* string */ \"manage_terms\"","});","","maps.term = createFieldMaps({","\tcount: /* int */ \"count\", /* readonly */","\tdescription: /* string */ \"description\",","\tname: /* string */ \"name\",","\tparent: /* string */ \"parent\",","\tslug: /* string */ \"slug\",","\ttaxonomy: /* string */ \"taxonomy\",","\ttermId: /* string */ \"term_id\", /* readonly */","\ttermTaxonomyId: /* string */ \"term_taxonomy_id\" /* readonly */","});","","maps.file = createFieldMaps({","\tname: /* string */ \"name\",","\ttype: /* string */ \"type\",","\tbits: /* string */ \"bits\",","\toverwrite: /* boolean */ \"overwrite\",","\tpostId: /* int */ \"post_id\"","});","","maps.media = createFieldMaps({","\tattachmentId: /* string */ \"attachment_id\", /* readonly */","\tcaption: /* string */ \"caption\",","\tdescription: /* string */ \"description\",","\tlink: /* string */ \"link\",","\tparent: /* int */ \"parent\",","\tthumbnail: /* string */ \"thumbnail\",","\ttitle: /* string */ \"title\",","\ttype: /* string */ \"type\"","}, {}, {","\tdate_created_gmt: /* datetime */ function( date ) {","\t\treturn {","\t\t\tdate: new Date( date )","\t\t};","\t},","","\tmetadata: /* struct */ function( data ) {","\t\treturn {","\t\t\tmetadata: mapFields( data, maps.mediaItemMetadata.from )","\t\t};","\t}","});","","maps.mediaItemMetadata = createFieldMaps({","\tfile: /* string */ \"file\",","\theight: /* int */ \"height\",","\tsizes: /* struct */ \"sizes\",","\twidth: /* int */ \"width\"","}, {}, {","\tsizes: /* struct */ function( size ) {","\t\tvar keys = Object.keys( size ),","\t\t    results = {};","","\t\t// Loop through the available sizes and map the fields","\t\tkeys.forEach(function( key, i ) {","\t\t\tresults[ keys[ i ] ] = mapFields( size[ keys[ i ] ], maps.mediaItemSize.from );","\t\t});","","\t\treturn {","\t\t\tsizes: results","\t\t};","\t},","","\timage_meta: /* struct */ function( data ) {","\t\treturn {","\t\t\timageMeta: mapFields( data, maps.postThumbnailImageMeta.from )","\t\t};","\t}","});","","maps.mediaItemSize = createFieldMaps({","\tfile: /* string */ \"file\",","\theight: /* string */ \"height\",","\tmimeType: /* string */ \"mime-type\",","\twidth: /* string */ \"width\"","});","","maps.postThumbnailImageMeta = createFieldMaps({","\taperture: /* int */ \"aperture\",","\tcamera: /* string */ \"camera\",","\tcaption: /* string */ \"caption\",","\tcopyright: /* string */ \"copyright\",","\tcreatedTimestamp: /* int */ \"created_timestamp\",","\tcredit: /* string */ \"credit\",","\tfocalLength: /* int */ \"focal_length\",","\tiso: /* int */ \"iso\",","\tkeywords: /* array */ \"keywords\",","\torientation: /* string */ \"orientation\",","\tshutterSpeed: /* int */ \"shutter_speed\",","\ttitle: /* string */ \"title\"","});","","module.exports = {","\tto: function( data, type ) {","\t\treturn mapFields( data, maps[ type ].to );","\t},","\tfrom: function( data, type ) {","\t\treturn mapFields( data, maps[ type ].from );","\t},","\tarray: function( data, type ) {","\t\tvar map = maps[ type ].renames;","\t\treturn data.map(function( field ) {","\t\t\treturn map[ field ];","\t\t});","\t}","};",""],"l":{"1":1,"3":1,"4":36,"5":145,"8":36,"11":1,"12":12,"15":12,"16":135,"19":12,"26":1,"27":0,"30":0,"31":0,"32":0,"35":0,"36":0,"38":0,"39":0,"42":0,"46":0,"49":1,"69":1,"95":0,"100":0,"106":1,"133":0,"136":0,"140":1,"157":1,"172":0,"175":0,"179":1,"186":1,"197":1,"205":1,"216":0,"222":0,"228":1,"235":0,"239":0,"240":0,"243":0,"249":0,"255":1,"262":1,"277":1,"279":0,"282":0,"285":0,"286":0,"287":0}}}